<?xml version="1.0" encoding="UTF-8"?>
<robot generator="Robot 6.1.1 (Python 3.13.0 on win32)" generated="20241126 23:53:46.688" rpa="false" schemaversion="4">
<suite id="s1" name="Tests" source="C:\devel\Ohjelmistotuotanto\ohtupalautusrepo\osa3\login-robot\src\tests">
<suite id="s1-s1" name="Login" source="C:\devel\Ohjelmistotuotanto\ohtupalautusrepo\osa3\login-robot\src\tests\login.robot">
<test id="s1-s1-t1" name="Login With Correct Credentials" line="6">
<kw name="Create User And Input Login Command" type="SETUP">
<kw name="Create User" library="AppLibrary">
<arg>kalle</arg>
<arg>kalle123</arg>
<status status="PASS" starttime="20241126 23:53:46.768" endtime="20241126 23:53:46.768"/>
</kw>
<kw name="Input Login Command" library="resource">
<kw name="Input" library="AppLibrary">
<arg>login</arg>
<status status="PASS" starttime="20241126 23:53:46.768" endtime="20241126 23:53:46.768"/>
</kw>
<status status="PASS" starttime="20241126 23:53:46.768" endtime="20241126 23:53:46.768"/>
</kw>
<status status="PASS" starttime="20241126 23:53:46.768" endtime="20241126 23:53:46.769"/>
</kw>
<kw name="Input Credentials" library="resource">
<arg>kalle</arg>
<arg>kalle123</arg>
<kw name="Input" library="AppLibrary">
<arg>${username}</arg>
<status status="PASS" starttime="20241126 23:53:46.769" endtime="20241126 23:53:46.769"/>
</kw>
<kw name="Input" library="AppLibrary">
<arg>${password}</arg>
<status status="PASS" starttime="20241126 23:53:46.769" endtime="20241126 23:53:46.769"/>
</kw>
<kw name="Run Application" library="resource">
<kw name="Log" library="BuiltIn">
<arg>Running application</arg>
<doc>Logs the given message with the given level.</doc>
<msg timestamp="20241126 23:53:46.769" level="INFO">Running application</msg>
<status status="PASS" starttime="20241126 23:53:46.769" endtime="20241126 23:53:46.769"/>
</kw>
<kw name="Run Application" library="resource">
<kw name="Log" library="BuiltIn">
<arg>Running application</arg>
<doc>Logs the given message with the given level.</doc>
<msg timestamp="20241126 23:53:46.770" level="INFO">Running application</msg>
<status status="PASS" starttime="20241126 23:53:46.770" endtime="20241126 23:53:46.770"/>
</kw>
<kw name="Run Application" library="resource">
<kw name="Log" library="BuiltIn">
<arg>Running application</arg>
<doc>Logs the given message with the given level.</doc>
<msg timestamp="20241126 23:53:46.770" level="INFO">Running application</msg>
<status status="PASS" starttime="20241126 23:53:46.770" endtime="20241126 23:53:46.770"/>
</kw>
<kw name="Run Application" library="resource">
<kw name="Log" library="BuiltIn">
<arg>Running application</arg>
<doc>Logs the given message with the given level.</doc>
<msg timestamp="20241126 23:53:46.771" level="INFO">Running application</msg>
<status status="PASS" starttime="20241126 23:53:46.770" endtime="20241126 23:53:46.771"/>
</kw>
<kw name="Run Application" library="resource">
<kw name="Log" library="BuiltIn">
<arg>Running application</arg>
<doc>Logs the given message with the given level.</doc>
<msg timestamp="20241126 23:53:46.771" level="INFO">Running application</msg>
<status status="PASS" starttime="20241126 23:53:46.771" endtime="20241126 23:53:46.772"/>
</kw>
<kw name="Run Application" library="resource">
<kw name="Log" library="BuiltIn">
<arg>Running application</arg>
<doc>Logs the given message with the given level.</doc>
<msg timestamp="20241126 23:53:46.772" level="INFO">Running application</msg>
<status status="PASS" starttime="20241126 23:53:46.772" endtime="20241126 23:53:46.772"/>
</kw>
<kw name="Run Application" library="resource">
<kw name="Log" library="BuiltIn">
<arg>Running application</arg>
<doc>Logs the given message with the given level.</doc>
<msg timestamp="20241126 23:53:46.773" level="INFO">Running application</msg>
<status status="PASS" starttime="20241126 23:53:46.773" endtime="20241126 23:53:46.773"/>
</kw>
<kw name="Run Application" library="resource">
<kw name="Log" library="BuiltIn">
<arg>Running application</arg>
<doc>Logs the given message with the given level.</doc>
<msg timestamp="20241126 23:53:46.773" level="INFO">Running application</msg>
<status status="PASS" starttime="20241126 23:53:46.773" endtime="20241126 23:53:46.773"/>
</kw>
<kw name="Run Application" library="resource">
<kw name="Log" library="BuiltIn">
<arg>Running application</arg>
<doc>Logs the given message with the given level.</doc>
<msg timestamp="20241126 23:53:46.774" level="INFO">Running application</msg>
<status status="PASS" starttime="20241126 23:53:46.774" endtime="20241126 23:53:46.774"/>
</kw>
<kw name="Run Application" library="resource">
<kw name="Log" library="BuiltIn">
<arg>Running application</arg>
<doc>Logs the given message with the given level.</doc>
<msg timestamp="20241126 23:53:46.775" level="INFO">Running application</msg>
<status status="PASS" starttime="20241126 23:53:46.775" endtime="20241126 23:53:46.775"/>
</kw>
<kw name="Run Application" library="resource">
<kw name="Log" library="BuiltIn">
<arg>Running application</arg>
<doc>Logs the given message with the given level.</doc>
<msg timestamp="20241126 23:53:46.778" level="INFO">Running application</msg>
<status status="PASS" starttime="20241126 23:53:46.777" endtime="20241126 23:53:46.780"/>
</kw>
<kw name="Run Application" library="resource">
<kw name="Log" library="BuiltIn">
<arg>Running application</arg>
<doc>Logs the given message with the given level.</doc>
<msg timestamp="20241126 23:53:46.786" level="INFO">Running application</msg>
<status status="PASS" starttime="20241126 23:53:46.786" endtime="20241126 23:53:46.786"/>
</kw>
<kw name="Run Application" library="resource">
<kw name="Log" library="BuiltIn">
<arg>Running application</arg>
<doc>Logs the given message with the given level.</doc>
<msg timestamp="20241126 23:53:46.786" level="INFO">Running application</msg>
<status status="PASS" starttime="20241126 23:53:46.786" endtime="20241126 23:53:46.786"/>
</kw>
<kw name="Run Application" library="resource">
<kw name="Log" library="BuiltIn">
<arg>Running application</arg>
<doc>Logs the given message with the given level.</doc>
<msg timestamp="20241126 23:53:46.787" level="INFO">Running application</msg>
<status status="PASS" starttime="20241126 23:53:46.786" endtime="20241126 23:53:46.787"/>
</kw>
<kw name="Run Application" library="resource">
<kw name="Log" library="BuiltIn">
<arg>Running application</arg>
<doc>Logs the given message with the given level.</doc>
<msg timestamp="20241126 23:53:46.787" level="INFO">Running application</msg>
<status status="PASS" starttime="20241126 23:53:46.787" endtime="20241126 23:53:46.787"/>
</kw>
<kw name="Run Application" library="resource">
<kw name="Log" library="BuiltIn">
<arg>Running application</arg>
<doc>Logs the given message with the given level.</doc>
<msg timestamp="20241126 23:53:46.787" level="INFO">Running application</msg>
<status status="PASS" starttime="20241126 23:53:46.787" endtime="20241126 23:53:46.787"/>
</kw>
<kw name="Run Application" library="resource">
<kw name="Log" library="BuiltIn">
<arg>Running application</arg>
<doc>Logs the given message with the given level.</doc>
<msg timestamp="20241126 23:53:46.788" level="INFO">Running application</msg>
<status status="PASS" starttime="20241126 23:53:46.787" endtime="20241126 23:53:46.788"/>
</kw>
<kw name="Run Application" library="resource">
<kw name="Log" library="BuiltIn">
<arg>Running application</arg>
<doc>Logs the given message with the given level.</doc>
<msg timestamp="20241126 23:53:46.788" level="INFO">Running application</msg>
<status status="PASS" starttime="20241126 23:53:46.788" endtime="20241126 23:53:46.788"/>
</kw>
<kw name="Run Application" library="resource">
<kw name="Log" library="BuiltIn">
<arg>Running application</arg>
<doc>Logs the given message with the given level.</doc>
<msg timestamp="20241126 23:53:46.788" level="INFO">Running application</msg>
<status status="PASS" starttime="20241126 23:53:46.788" endtime="20241126 23:53:46.788"/>
</kw>
<kw name="Run Application" library="resource">
<kw name="Log" library="BuiltIn">
<arg>Running application</arg>
<doc>Logs the given message with the given level.</doc>
<msg timestamp="20241126 23:53:46.788" level="INFO">Running application</msg>
<status status="PASS" starttime="20241126 23:53:46.788" endtime="20241126 23:53:46.788"/>
</kw>
<kw name="Run Application" library="resource">
<kw name="Log" library="BuiltIn">
<arg>Running application</arg>
<doc>Logs the given message with the given level.</doc>
<msg timestamp="20241126 23:53:46.789" level="INFO">Running application</msg>
<status status="PASS" starttime="20241126 23:53:46.789" endtime="20241126 23:53:46.789"/>
</kw>
<kw name="Run Application" library="resource">
<kw name="Log" library="BuiltIn">
<arg>Running application</arg>
<doc>Logs the given message with the given level.</doc>
<msg timestamp="20241126 23:53:46.789" level="INFO">Running application</msg>
<status status="PASS" starttime="20241126 23:53:46.789" endtime="20241126 23:53:46.789"/>
</kw>
<kw name="Run Application" library="resource">
<kw name="Log" library="BuiltIn">
<arg>Running application</arg>
<doc>Logs the given message with the given level.</doc>
<msg timestamp="20241126 23:53:46.789" level="INFO">Running application</msg>
<status status="PASS" starttime="20241126 23:53:46.789" endtime="20241126 23:53:46.790"/>
</kw>
<kw name="Run Application" library="resource">
<kw name="Log" library="BuiltIn">
<arg>Running application</arg>
<doc>Logs the given message with the given level.</doc>
<msg timestamp="20241126 23:53:46.790" level="INFO">Running application</msg>
<status status="PASS" starttime="20241126 23:53:46.790" endtime="20241126 23:53:46.790"/>
</kw>
<kw name="Run Application" library="resource">
<kw name="Log" library="BuiltIn">
<arg>Running application</arg>
<doc>Logs the given message with the given level.</doc>
<msg timestamp="20241126 23:53:46.790" level="INFO">Running application</msg>
<status status="PASS" starttime="20241126 23:53:46.790" endtime="20241126 23:53:46.790"/>
</kw>
<kw name="Run Application" library="resource">
<kw name="Log" library="BuiltIn">
<arg>Running application</arg>
<doc>Logs the given message with the given level.</doc>
<msg timestamp="20241126 23:53:46.790" level="INFO">Running application</msg>
<status status="PASS" starttime="20241126 23:53:46.790" endtime="20241126 23:53:46.790"/>
</kw>
<kw name="Run Application" library="resource">
<kw name="Log" library="BuiltIn">
<arg>Running application</arg>
<doc>Logs the given message with the given level.</doc>
<msg timestamp="20241126 23:53:46.791" level="INFO">Running application</msg>
<status status="PASS" starttime="20241126 23:53:46.791" endtime="20241126 23:53:46.791"/>
</kw>
<kw name="Run Application" library="resource">
<kw name="Log" library="BuiltIn">
<arg>Running application</arg>
<doc>Logs the given message with the given level.</doc>
<msg timestamp="20241126 23:53:46.791" level="INFO">Running application</msg>
<status status="PASS" starttime="20241126 23:53:46.791" endtime="20241126 23:53:46.791"/>
</kw>
<kw name="Run Application" library="resource">
<kw name="Log" library="BuiltIn">
<arg>Running application</arg>
<doc>Logs the given message with the given level.</doc>
<msg timestamp="20241126 23:53:46.791" level="INFO">Running application</msg>
<status status="PASS" starttime="20241126 23:53:46.791" endtime="20241126 23:53:46.791"/>
</kw>
<kw name="Run Application" library="resource">
<kw name="Log" library="BuiltIn">
<arg>Running application</arg>
<doc>Logs the given message with the given level.</doc>
<msg timestamp="20241126 23:53:46.792" level="INFO">Running application</msg>
<status status="PASS" starttime="20241126 23:53:46.792" endtime="20241126 23:53:46.792"/>
</kw>
<kw name="Run Application" library="resource">
<kw name="Log" library="BuiltIn">
<arg>Running application</arg>
<doc>Logs the given message with the given level.</doc>
<msg timestamp="20241126 23:53:46.792" level="INFO">Running application</msg>
<status status="PASS" starttime="20241126 23:53:46.792" endtime="20241126 23:53:46.792"/>
</kw>
<kw name="Run Application" library="resource">
<kw name="Log" library="BuiltIn">
<arg>Running application</arg>
<doc>Logs the given message with the given level.</doc>
<msg timestamp="20241126 23:53:46.792" level="INFO">Running application</msg>
<status status="PASS" starttime="20241126 23:53:46.792" endtime="20241126 23:53:46.792"/>
</kw>
<kw name="Run Application" library="resource">
<kw name="Log" library="BuiltIn">
<arg>Running application</arg>
<doc>Logs the given message with the given level.</doc>
<msg timestamp="20241126 23:53:46.792" level="INFO">Running application</msg>
<status status="PASS" starttime="20241126 23:53:46.792" endtime="20241126 23:53:46.792"/>
</kw>
<kw name="Run Application" library="resource">
<kw name="Log" library="BuiltIn">
<arg>Running application</arg>
<doc>Logs the given message with the given level.</doc>
<msg timestamp="20241126 23:53:46.793" level="INFO">Running application</msg>
<status status="PASS" starttime="20241126 23:53:46.793" endtime="20241126 23:53:46.793"/>
</kw>
<kw name="Run Application" library="resource">
<kw name="Log" library="BuiltIn">
<arg>Running application</arg>
<doc>Logs the given message with the given level.</doc>
<msg timestamp="20241126 23:53:46.793" level="INFO">Running application</msg>
<status status="PASS" starttime="20241126 23:53:46.793" endtime="20241126 23:53:46.793"/>
</kw>
<kw name="Run Application" library="resource">
<kw name="Log" library="BuiltIn">
<arg>Running application</arg>
<doc>Logs the given message with the given level.</doc>
<msg timestamp="20241126 23:53:46.793" level="INFO">Running application</msg>
<status status="PASS" starttime="20241126 23:53:46.793" endtime="20241126 23:53:46.793"/>
</kw>
<kw name="Run Application" library="resource">
<kw name="Log" library="BuiltIn">
<arg>Running application</arg>
<doc>Logs the given message with the given level.</doc>
<msg timestamp="20241126 23:53:46.794" level="INFO">Running application</msg>
<status status="PASS" starttime="20241126 23:53:46.794" endtime="20241126 23:53:46.794"/>
</kw>
<kw name="Run Application" library="resource">
<kw name="Log" library="BuiltIn">
<arg>Running application</arg>
<doc>Logs the given message with the given level.</doc>
<msg timestamp="20241126 23:53:46.794" level="INFO">Running application</msg>
<status status="PASS" starttime="20241126 23:53:46.794" endtime="20241126 23:53:46.794"/>
</kw>
<kw name="Run Application" library="resource">
<kw name="Log" library="BuiltIn">
<arg>Running application</arg>
<doc>Logs the given message with the given level.</doc>
<msg timestamp="20241126 23:53:46.794" level="INFO">Running application</msg>
<status status="PASS" starttime="20241126 23:53:46.794" endtime="20241126 23:53:46.794"/>
</kw>
<kw name="Run Application" library="resource">
<kw name="Log" library="BuiltIn">
<arg>Running application</arg>
<doc>Logs the given message with the given level.</doc>
<msg timestamp="20241126 23:53:46.794" level="INFO">Running application</msg>
<status status="PASS" starttime="20241126 23:53:46.794" endtime="20241126 23:53:46.794"/>
</kw>
<kw name="Run Application" library="resource">
<kw name="Log" library="BuiltIn">
<arg>Running application</arg>
<doc>Logs the given message with the given level.</doc>
<msg timestamp="20241126 23:53:46.795" level="INFO">Running application</msg>
<status status="PASS" starttime="20241126 23:53:46.795" endtime="20241126 23:53:46.795"/>
</kw>
<kw name="Run Application" library="resource">
<kw name="Log" library="BuiltIn">
<arg>Running application</arg>
<doc>Logs the given message with the given level.</doc>
<msg timestamp="20241126 23:53:46.795" level="INFO">Running application</msg>
<status status="PASS" starttime="20241126 23:53:46.795" endtime="20241126 23:53:46.795"/>
</kw>
<kw name="Run Application" library="resource">
<kw name="Log" library="BuiltIn">
<arg>Running application</arg>
<doc>Logs the given message with the given level.</doc>
<msg timestamp="20241126 23:53:46.796" level="INFO">Running application</msg>
<status status="PASS" starttime="20241126 23:53:46.795" endtime="20241126 23:53:46.796"/>
</kw>
<kw name="Run Application" library="resource">
<kw name="Log" library="BuiltIn">
<arg>Running application</arg>
<doc>Logs the given message with the given level.</doc>
<msg timestamp="20241126 23:53:46.796" level="INFO">Running application</msg>
<status status="PASS" starttime="20241126 23:53:46.796" endtime="20241126 23:53:46.796"/>
</kw>
<kw name="Run Application" library="resource">
<kw name="Log" library="BuiltIn">
<arg>Running application</arg>
<doc>Logs the given message with the given level.</doc>
<msg timestamp="20241126 23:53:46.796" level="INFO">Running application</msg>
<status status="PASS" starttime="20241126 23:53:46.796" endtime="20241126 23:53:46.796"/>
</kw>
<kw name="Run Application" library="resource">
<kw name="Log" library="BuiltIn">
<arg>Running application</arg>
<doc>Logs the given message with the given level.</doc>
<msg timestamp="20241126 23:53:46.797" level="INFO">Running application</msg>
<status status="PASS" starttime="20241126 23:53:46.797" endtime="20241126 23:53:46.797"/>
</kw>
<kw name="Run Application" library="resource">
<kw name="Log" library="BuiltIn">
<arg>Running application</arg>
<doc>Logs the given message with the given level.</doc>
<msg timestamp="20241126 23:53:46.797" level="INFO">Running application</msg>
<status status="PASS" starttime="20241126 23:53:46.797" endtime="20241126 23:53:46.797"/>
</kw>
<kw name="Run Application" library="resource">
<kw name="Log" library="BuiltIn">
<arg>Running application</arg>
<doc>Logs the given message with the given level.</doc>
<msg timestamp="20241126 23:53:46.797" level="INFO">Running application</msg>
<status status="PASS" starttime="20241126 23:53:46.797" endtime="20241126 23:53:46.797"/>
</kw>
<kw name="Run Application" library="resource">
<kw name="Log" library="BuiltIn">
<arg>Running application</arg>
<doc>Logs the given message with the given level.</doc>
<msg timestamp="20241126 23:53:46.798" level="INFO">Running application</msg>
<status status="PASS" starttime="20241126 23:53:46.797" endtime="20241126 23:53:46.798"/>
</kw>
<kw name="Run Application" library="resource">
<kw name="Log" library="BuiltIn">
<arg>Running application</arg>
<doc>Logs the given message with the given level.</doc>
<msg timestamp="20241126 23:53:46.798" level="INFO">Running application</msg>
<status status="PASS" starttime="20241126 23:53:46.798" endtime="20241126 23:53:46.798"/>
</kw>
<kw name="Run Application" library="resource">
<kw name="Log" library="BuiltIn">
<arg>Running application</arg>
<doc>Logs the given message with the given level.</doc>
<msg timestamp="20241126 23:53:46.798" level="INFO">Running application</msg>
<status status="PASS" starttime="20241126 23:53:46.798" endtime="20241126 23:53:46.798"/>
</kw>
<kw name="Run Application" library="resource">
<kw name="Log" library="BuiltIn">
<arg>Running application</arg>
<doc>Logs the given message with the given level.</doc>
<msg timestamp="20241126 23:53:46.799" level="INFO">Running application</msg>
<status status="PASS" starttime="20241126 23:53:46.799" endtime="20241126 23:53:46.799"/>
</kw>
<kw name="Run Application" library="resource">
<kw name="Log" library="BuiltIn">
<arg>Running application</arg>
<doc>Logs the given message with the given level.</doc>
<msg timestamp="20241126 23:53:46.799" level="INFO">Running application</msg>
<status status="PASS" starttime="20241126 23:53:46.799" endtime="20241126 23:53:46.799"/>
</kw>
<kw name="Run Application" library="resource">
<kw name="Log" library="BuiltIn">
<arg>Running application</arg>
<doc>Logs the given message with the given level.</doc>
<msg timestamp="20241126 23:53:46.799" level="INFO">Running application</msg>
<status status="PASS" starttime="20241126 23:53:46.799" endtime="20241126 23:53:46.799"/>
</kw>
<kw name="Run Application" library="resource">
<kw name="Log" library="BuiltIn">
<arg>Running application</arg>
<doc>Logs the given message with the given level.</doc>
<msg timestamp="20241126 23:53:46.799" level="INFO">Running application</msg>
<status status="PASS" starttime="20241126 23:53:46.799" endtime="20241126 23:53:46.799"/>
</kw>
<kw name="Run Application" library="resource">
<kw name="Log" library="BuiltIn">
<arg>Running application</arg>
<doc>Logs the given message with the given level.</doc>
<msg timestamp="20241126 23:53:46.800" level="INFO">Running application</msg>
<status status="PASS" starttime="20241126 23:53:46.800" endtime="20241126 23:53:46.800"/>
</kw>
<kw name="Run Application" library="resource">
<kw name="Log" library="BuiltIn">
<arg>Running application</arg>
<doc>Logs the given message with the given level.</doc>
<msg timestamp="20241126 23:53:46.800" level="INFO">Running application</msg>
<status status="PASS" starttime="20241126 23:53:46.800" endtime="20241126 23:53:46.800"/>
</kw>
<kw name="Run Application" library="resource">
<kw name="Log" library="BuiltIn">
<arg>Running application</arg>
<doc>Logs the given message with the given level.</doc>
<msg timestamp="20241126 23:53:46.801" level="INFO">Running application</msg>
<status status="PASS" starttime="20241126 23:53:46.800" endtime="20241126 23:53:46.801"/>
</kw>
<kw name="Run Application" library="resource">
<kw name="Log" library="BuiltIn">
<arg>Running application</arg>
<doc>Logs the given message with the given level.</doc>
<msg timestamp="20241126 23:53:46.801" level="INFO">Running application</msg>
<status status="PASS" starttime="20241126 23:53:46.801" endtime="20241126 23:53:46.801"/>
</kw>
<kw name="Run Application" library="resource">
<kw name="Log" library="BuiltIn">
<arg>Running application</arg>
<doc>Logs the given message with the given level.</doc>
<msg timestamp="20241126 23:53:46.801" level="INFO">Running application</msg>
<status status="PASS" starttime="20241126 23:53:46.801" endtime="20241126 23:53:46.801"/>
</kw>
<kw name="Run Application" library="resource">
<kw name="Log" library="BuiltIn">
<arg>Running application</arg>
<doc>Logs the given message with the given level.</doc>
<msg timestamp="20241126 23:53:46.802" level="INFO">Running application</msg>
<status status="PASS" starttime="20241126 23:53:46.802" endtime="20241126 23:53:46.802"/>
</kw>
<kw name="Run Application" library="resource">
<kw name="Log" library="BuiltIn">
<arg>Running application</arg>
<doc>Logs the given message with the given level.</doc>
<msg timestamp="20241126 23:53:46.802" level="INFO">Running application</msg>
<status status="PASS" starttime="20241126 23:53:46.802" endtime="20241126 23:53:46.802"/>
</kw>
<kw name="Run Application" library="resource">
<kw name="Log" library="BuiltIn">
<arg>Running application</arg>
<doc>Logs the given message with the given level.</doc>
<msg timestamp="20241126 23:53:46.802" level="INFO">Running application</msg>
<status status="PASS" starttime="20241126 23:53:46.802" endtime="20241126 23:53:46.802"/>
</kw>
<kw name="Run Application" library="resource">
<kw name="Log" library="BuiltIn">
<arg>Running application</arg>
<doc>Logs the given message with the given level.</doc>
<msg timestamp="20241126 23:53:46.802" level="INFO">Running application</msg>
<status status="PASS" starttime="20241126 23:53:46.802" endtime="20241126 23:53:46.802"/>
</kw>
<kw name="Run Application" library="resource">
<kw name="Log" library="BuiltIn">
<arg>Running application</arg>
<doc>Logs the given message with the given level.</doc>
<msg timestamp="20241126 23:53:46.803" level="INFO">Running application</msg>
<status status="PASS" starttime="20241126 23:53:46.803" endtime="20241126 23:53:46.803"/>
</kw>
<kw name="Run Application" library="resource">
<kw name="Log" library="BuiltIn">
<arg>Running application</arg>
<doc>Logs the given message with the given level.</doc>
<msg timestamp="20241126 23:53:46.803" level="INFO">Running application</msg>
<status status="PASS" starttime="20241126 23:53:46.803" endtime="20241126 23:53:46.803"/>
</kw>
<kw name="Run Application" library="resource">
<kw name="Log" library="BuiltIn">
<arg>Running application</arg>
<doc>Logs the given message with the given level.</doc>
<msg timestamp="20241126 23:53:46.803" level="INFO">Running application</msg>
<status status="PASS" starttime="20241126 23:53:46.803" endtime="20241126 23:53:46.803"/>
</kw>
<kw name="Run Application" library="resource">
<kw name="Log" library="BuiltIn">
<arg>Running application</arg>
<doc>Logs the given message with the given level.</doc>
<msg timestamp="20241126 23:53:46.803" level="INFO">Running application</msg>
<status status="PASS" starttime="20241126 23:53:46.803" endtime="20241126 23:53:46.803"/>
</kw>
<kw name="Run Application" library="resource">
<kw name="Log" library="BuiltIn">
<arg>Running application</arg>
<doc>Logs the given message with the given level.</doc>
<msg timestamp="20241126 23:53:46.804" level="INFO">Running application</msg>
<status status="PASS" starttime="20241126 23:53:46.804" endtime="20241126 23:53:46.804"/>
</kw>
<kw name="Run Application" library="resource">
<kw name="Log" library="BuiltIn">
<arg>Running application</arg>
<doc>Logs the given message with the given level.</doc>
<msg timestamp="20241126 23:53:46.804" level="INFO">Running application</msg>
<status status="PASS" starttime="20241126 23:53:46.804" endtime="20241126 23:53:46.804"/>
</kw>
<kw name="Run Application" library="resource">
<kw name="Log" library="BuiltIn">
<arg>Running application</arg>
<doc>Logs the given message with the given level.</doc>
<msg timestamp="20241126 23:53:46.804" level="INFO">Running application</msg>
<status status="PASS" starttime="20241126 23:53:46.804" endtime="20241126 23:53:46.804"/>
</kw>
<kw name="Run Application" library="resource">
<kw name="Log" library="BuiltIn">
<arg>Running application</arg>
<doc>Logs the given message with the given level.</doc>
<msg timestamp="20241126 23:53:46.804" level="INFO">Running application</msg>
<status status="PASS" starttime="20241126 23:53:46.804" endtime="20241126 23:53:46.804"/>
</kw>
<kw name="Run Application" library="resource">
<kw name="Log" library="BuiltIn">
<arg>Running application</arg>
<doc>Logs the given message with the given level.</doc>
<msg timestamp="20241126 23:53:46.805" level="INFO">Running application</msg>
<status status="PASS" starttime="20241126 23:53:46.805" endtime="20241126 23:53:46.805"/>
</kw>
<kw name="Run Application" library="resource">
<kw name="Log" library="BuiltIn">
<arg>Running application</arg>
<doc>Logs the given message with the given level.</doc>
<msg timestamp="20241126 23:53:46.805" level="INFO">Running application</msg>
<status status="PASS" starttime="20241126 23:53:46.805" endtime="20241126 23:53:46.805"/>
</kw>
<kw name="Run Application" library="resource">
<kw name="Log" library="BuiltIn">
<arg>Running application</arg>
<doc>Logs the given message with the given level.</doc>
<msg timestamp="20241126 23:53:46.806" level="INFO">Running application</msg>
<status status="PASS" starttime="20241126 23:53:46.806" endtime="20241126 23:53:46.806"/>
</kw>
<kw name="Run Application" library="resource">
<kw name="Log" library="BuiltIn">
<arg>Running application</arg>
<doc>Logs the given message with the given level.</doc>
<msg timestamp="20241126 23:53:46.806" level="INFO">Running application</msg>
<status status="PASS" starttime="20241126 23:53:46.806" endtime="20241126 23:53:46.806"/>
</kw>
<kw name="Run Application" library="resource">
<kw name="Log" library="BuiltIn">
<arg>Running application</arg>
<doc>Logs the given message with the given level.</doc>
<msg timestamp="20241126 23:53:46.806" level="INFO">Running application</msg>
<status status="PASS" starttime="20241126 23:53:46.806" endtime="20241126 23:53:46.806"/>
</kw>
<kw name="Run Application" library="resource">
<kw name="Log" library="BuiltIn">
<arg>Running application</arg>
<doc>Logs the given message with the given level.</doc>
<msg timestamp="20241126 23:53:46.806" level="INFO">Running application</msg>
<status status="PASS" starttime="20241126 23:53:46.806" endtime="20241126 23:53:46.806"/>
</kw>
<kw name="Run Application" library="resource">
<kw name="Log" library="BuiltIn">
<arg>Running application</arg>
<doc>Logs the given message with the given level.</doc>
<msg timestamp="20241126 23:53:46.807" level="INFO">Running application</msg>
<status status="PASS" starttime="20241126 23:53:46.806" endtime="20241126 23:53:46.807"/>
</kw>
<kw name="Run Application" library="resource">
<kw name="Log" library="BuiltIn">
<arg>Running application</arg>
<doc>Logs the given message with the given level.</doc>
<msg timestamp="20241126 23:53:46.807" level="INFO">Running application</msg>
<status status="PASS" starttime="20241126 23:53:46.807" endtime="20241126 23:53:46.807"/>
</kw>
<kw name="Run Application" library="resource">
<kw name="Log" library="BuiltIn">
<arg>Running application</arg>
<doc>Logs the given message with the given level.</doc>
<msg timestamp="20241126 23:53:46.807" level="INFO">Running application</msg>
<status status="PASS" starttime="20241126 23:53:46.807" endtime="20241126 23:53:46.807"/>
</kw>
<kw name="Run Application" library="resource">
<kw name="Log" library="BuiltIn">
<arg>Running application</arg>
<doc>Logs the given message with the given level.</doc>
<msg timestamp="20241126 23:53:46.807" level="INFO">Running application</msg>
<status status="PASS" starttime="20241126 23:53:46.807" endtime="20241126 23:53:46.807"/>
</kw>
<kw name="Run Application" library="resource">
<kw name="Log" library="BuiltIn">
<arg>Running application</arg>
<doc>Logs the given message with the given level.</doc>
<msg timestamp="20241126 23:53:46.807" level="INFO">Running application</msg>
<status status="PASS" starttime="20241126 23:53:46.807" endtime="20241126 23:53:46.807"/>
</kw>
<kw name="Run Application" library="resource">
<kw name="Log" library="BuiltIn">
<arg>Running application</arg>
<doc>Logs the given message with the given level.</doc>
<msg timestamp="20241126 23:53:46.808" level="INFO">Running application</msg>
<status status="PASS" starttime="20241126 23:53:46.808" endtime="20241126 23:53:46.808"/>
</kw>
<kw name="Run Application" library="resource">
<kw name="Log" library="BuiltIn">
<arg>Running application</arg>
<doc>Logs the given message with the given level.</doc>
<msg timestamp="20241126 23:53:46.808" level="INFO">Running application</msg>
<status status="PASS" starttime="20241126 23:53:46.808" endtime="20241126 23:53:46.808"/>
</kw>
<kw name="Run Application" library="resource">
<kw name="Log" library="BuiltIn">
<arg>Running application</arg>
<doc>Logs the given message with the given level.</doc>
<msg timestamp="20241126 23:53:46.808" level="INFO">Running application</msg>
<status status="PASS" starttime="20241126 23:53:46.808" endtime="20241126 23:53:46.808"/>
</kw>
<kw name="Run Application" library="resource">
<kw name="Log" library="BuiltIn">
<arg>Running application</arg>
<doc>Logs the given message with the given level.</doc>
<msg timestamp="20241126 23:53:46.808" level="INFO">Running application</msg>
<status status="PASS" starttime="20241126 23:53:46.808" endtime="20241126 23:53:46.808"/>
</kw>
<kw name="Run Application" library="resource">
<kw name="Log" library="BuiltIn">
<arg>Running application</arg>
<doc>Logs the given message with the given level.</doc>
<msg timestamp="20241126 23:53:46.809" level="INFO">Running application</msg>
<status status="PASS" starttime="20241126 23:53:46.809" endtime="20241126 23:53:46.809"/>
</kw>
<kw name="Run Application" library="resource">
<kw name="Log" library="BuiltIn">
<arg>Running application</arg>
<doc>Logs the given message with the given level.</doc>
<msg timestamp="20241126 23:53:46.809" level="INFO">Running application</msg>
<status status="PASS" starttime="20241126 23:53:46.809" endtime="20241126 23:53:46.809"/>
</kw>
<kw name="Run Application" library="resource">
<kw name="Log" library="BuiltIn">
<arg>Running application</arg>
<doc>Logs the given message with the given level.</doc>
<msg timestamp="20241126 23:53:46.810" level="INFO">Running application</msg>
<status status="PASS" starttime="20241126 23:53:46.810" endtime="20241126 23:53:46.810"/>
</kw>
<kw name="Run Application" library="resource">
<kw name="Log" library="BuiltIn">
<arg>Running application</arg>
<doc>Logs the given message with the given level.</doc>
<msg timestamp="20241126 23:53:46.810" level="INFO">Running application</msg>
<status status="PASS" starttime="20241126 23:53:46.810" endtime="20241126 23:53:46.810"/>
</kw>
<kw name="Run Application" library="resource">
<kw name="Log" library="BuiltIn">
<arg>Running application</arg>
<doc>Logs the given message with the given level.</doc>
<msg timestamp="20241126 23:53:46.810" level="INFO">Running application</msg>
<status status="PASS" starttime="20241126 23:53:46.810" endtime="20241126 23:53:46.810"/>
</kw>
<kw name="Run Application" library="resource">
<kw name="Log" library="BuiltIn">
<arg>Running application</arg>
<doc>Logs the given message with the given level.</doc>
<msg timestamp="20241126 23:53:46.811" level="INFO">Running application</msg>
<status status="PASS" starttime="20241126 23:53:46.810" endtime="20241126 23:53:46.811"/>
</kw>
<kw name="Run Application" library="resource">
<kw name="Log" library="BuiltIn">
<arg>Running application</arg>
<doc>Logs the given message with the given level.</doc>
<msg timestamp="20241126 23:53:46.811" level="INFO">Running application</msg>
<status status="PASS" starttime="20241126 23:53:46.811" endtime="20241126 23:53:46.811"/>
</kw>
<kw name="Run Application" library="resource">
<kw name="Log" library="BuiltIn">
<arg>Running application</arg>
<doc>Logs the given message with the given level.</doc>
<msg timestamp="20241126 23:53:46.811" level="INFO">Running application</msg>
<status status="PASS" starttime="20241126 23:53:46.811" endtime="20241126 23:53:46.811"/>
</kw>
<kw name="Run Application" library="resource">
<kw name="Log" library="BuiltIn">
<arg>Running application</arg>
<doc>Logs the given message with the given level.</doc>
<msg timestamp="20241126 23:53:46.811" level="INFO">Running application</msg>
<status status="PASS" starttime="20241126 23:53:46.811" endtime="20241126 23:53:46.811"/>
</kw>
<kw name="Run Application" library="resource">
<kw name="Log" library="BuiltIn">
<arg>Running application</arg>
<doc>Logs the given message with the given level.</doc>
<msg timestamp="20241126 23:53:46.811" level="INFO">Running application</msg>
<status status="PASS" starttime="20241126 23:53:46.811" endtime="20241126 23:53:46.811"/>
</kw>
<kw name="Run Application" library="resource">
<kw name="Log" library="BuiltIn">
<arg>Running application</arg>
<doc>Logs the given message with the given level.</doc>
<msg timestamp="20241126 23:53:46.812" level="INFO">Running application</msg>
<status status="PASS" starttime="20241126 23:53:46.812" endtime="20241126 23:53:46.812"/>
</kw>
<kw name="Run Application" library="resource">
<msg timestamp="20241126 23:53:46.812" level="FAIL">Maximum limit of started keywords and control structures exceeded.</msg>
<status status="FAIL" starttime="20241126 23:53:46.812" endtime="20241126 23:53:46.812"/>
</kw>
<status status="FAIL" starttime="20241126 23:53:46.812" endtime="20241126 23:53:46.812"/>
</kw>
<status status="FAIL" starttime="20241126 23:53:46.811" endtime="20241126 23:53:46.812"/>
</kw>
<status status="FAIL" starttime="20241126 23:53:46.811" endtime="20241126 23:53:46.813"/>
</kw>
<status status="FAIL" starttime="20241126 23:53:46.811" endtime="20241126 23:53:46.813"/>
</kw>
<status status="FAIL" starttime="20241126 23:53:46.811" endtime="20241126 23:53:46.813"/>
</kw>
<status status="FAIL" starttime="20241126 23:53:46.810" endtime="20241126 23:53:46.813"/>
</kw>
<status status="FAIL" starttime="20241126 23:53:46.810" endtime="20241126 23:53:46.813"/>
</kw>
<status status="FAIL" starttime="20241126 23:53:46.810" endtime="20241126 23:53:46.813"/>
</kw>
<status status="FAIL" starttime="20241126 23:53:46.809" endtime="20241126 23:53:46.813"/>
</kw>
<status status="FAIL" starttime="20241126 23:53:46.809" endtime="20241126 23:53:46.813"/>
</kw>
<status status="FAIL" starttime="20241126 23:53:46.808" endtime="20241126 23:53:46.813"/>
</kw>
<status status="FAIL" starttime="20241126 23:53:46.808" endtime="20241126 23:53:46.813"/>
</kw>
<status status="FAIL" starttime="20241126 23:53:46.808" endtime="20241126 23:53:46.814"/>
</kw>
<status status="FAIL" starttime="20241126 23:53:46.808" endtime="20241126 23:53:46.814"/>
</kw>
<status status="FAIL" starttime="20241126 23:53:46.807" endtime="20241126 23:53:46.814"/>
</kw>
<status status="FAIL" starttime="20241126 23:53:46.807" endtime="20241126 23:53:46.814"/>
</kw>
<status status="FAIL" starttime="20241126 23:53:46.807" endtime="20241126 23:53:46.814"/>
</kw>
<status status="FAIL" starttime="20241126 23:53:46.807" endtime="20241126 23:53:46.814"/>
</kw>
<status status="FAIL" starttime="20241126 23:53:46.807" endtime="20241126 23:53:46.814"/>
</kw>
<status status="FAIL" starttime="20241126 23:53:46.806" endtime="20241126 23:53:46.814"/>
</kw>
<status status="FAIL" starttime="20241126 23:53:46.806" endtime="20241126 23:53:46.814"/>
</kw>
<status status="FAIL" starttime="20241126 23:53:46.806" endtime="20241126 23:53:46.814"/>
</kw>
<status status="FAIL" starttime="20241126 23:53:46.806" endtime="20241126 23:53:46.814"/>
</kw>
<status status="FAIL" starttime="20241126 23:53:46.805" endtime="20241126 23:53:46.815"/>
</kw>
<status status="FAIL" starttime="20241126 23:53:46.805" endtime="20241126 23:53:46.815"/>
</kw>
<status status="FAIL" starttime="20241126 23:53:46.804" endtime="20241126 23:53:46.815"/>
</kw>
<status status="FAIL" starttime="20241126 23:53:46.804" endtime="20241126 23:53:46.815"/>
</kw>
<status status="FAIL" starttime="20241126 23:53:46.804" endtime="20241126 23:53:46.815"/>
</kw>
<status status="FAIL" starttime="20241126 23:53:46.804" endtime="20241126 23:53:46.815"/>
</kw>
<status status="FAIL" starttime="20241126 23:53:46.804" endtime="20241126 23:53:46.815"/>
</kw>
<status status="FAIL" starttime="20241126 23:53:46.803" endtime="20241126 23:53:46.815"/>
</kw>
<status status="FAIL" starttime="20241126 23:53:46.803" endtime="20241126 23:53:46.815"/>
</kw>
<status status="FAIL" starttime="20241126 23:53:46.803" endtime="20241126 23:53:46.815"/>
</kw>
<status status="FAIL" starttime="20241126 23:53:46.802" endtime="20241126 23:53:46.815"/>
</kw>
<status status="FAIL" starttime="20241126 23:53:46.802" endtime="20241126 23:53:46.815"/>
</kw>
<status status="FAIL" starttime="20241126 23:53:46.802" endtime="20241126 23:53:46.816"/>
</kw>
<status status="FAIL" starttime="20241126 23:53:46.802" endtime="20241126 23:53:46.816"/>
</kw>
<status status="FAIL" starttime="20241126 23:53:46.801" endtime="20241126 23:53:46.816"/>
</kw>
<status status="FAIL" starttime="20241126 23:53:46.801" endtime="20241126 23:53:46.816"/>
</kw>
<status status="FAIL" starttime="20241126 23:53:46.801" endtime="20241126 23:53:46.816"/>
</kw>
<status status="FAIL" starttime="20241126 23:53:46.800" endtime="20241126 23:53:46.816"/>
</kw>
<status status="FAIL" starttime="20241126 23:53:46.800" endtime="20241126 23:53:46.816"/>
</kw>
<status status="FAIL" starttime="20241126 23:53:46.799" endtime="20241126 23:53:46.816"/>
</kw>
<status status="FAIL" starttime="20241126 23:53:46.799" endtime="20241126 23:53:46.816"/>
</kw>
<status status="FAIL" starttime="20241126 23:53:46.799" endtime="20241126 23:53:46.816"/>
</kw>
<status status="FAIL" starttime="20241126 23:53:46.799" endtime="20241126 23:53:46.816"/>
</kw>
<status status="FAIL" starttime="20241126 23:53:46.799" endtime="20241126 23:53:46.816"/>
</kw>
<status status="FAIL" starttime="20241126 23:53:46.798" endtime="20241126 23:53:46.816"/>
</kw>
<status status="FAIL" starttime="20241126 23:53:46.798" endtime="20241126 23:53:46.817"/>
</kw>
<status status="FAIL" starttime="20241126 23:53:46.797" endtime="20241126 23:53:46.817"/>
</kw>
<status status="FAIL" starttime="20241126 23:53:46.797" endtime="20241126 23:53:46.817"/>
</kw>
<status status="FAIL" starttime="20241126 23:53:46.797" endtime="20241126 23:53:46.817"/>
</kw>
<status status="FAIL" starttime="20241126 23:53:46.796" endtime="20241126 23:53:46.817"/>
</kw>
<status status="FAIL" starttime="20241126 23:53:46.796" endtime="20241126 23:53:46.817"/>
</kw>
<status status="FAIL" starttime="20241126 23:53:46.796" endtime="20241126 23:53:46.817"/>
</kw>
<status status="FAIL" starttime="20241126 23:53:46.795" endtime="20241126 23:53:46.817"/>
</kw>
<status status="FAIL" starttime="20241126 23:53:46.795" endtime="20241126 23:53:46.817"/>
</kw>
<status status="FAIL" starttime="20241126 23:53:46.794" endtime="20241126 23:53:46.817"/>
</kw>
<status status="FAIL" starttime="20241126 23:53:46.794" endtime="20241126 23:53:46.817"/>
</kw>
<status status="FAIL" starttime="20241126 23:53:46.794" endtime="20241126 23:53:46.817"/>
</kw>
<status status="FAIL" starttime="20241126 23:53:46.794" endtime="20241126 23:53:46.817"/>
</kw>
<status status="FAIL" starttime="20241126 23:53:46.793" endtime="20241126 23:53:46.817"/>
</kw>
<status status="FAIL" starttime="20241126 23:53:46.793" endtime="20241126 23:53:46.818"/>
</kw>
<status status="FAIL" starttime="20241126 23:53:46.793" endtime="20241126 23:53:46.818"/>
</kw>
<status status="FAIL" starttime="20241126 23:53:46.793" endtime="20241126 23:53:46.818"/>
</kw>
<status status="FAIL" starttime="20241126 23:53:46.792" endtime="20241126 23:53:46.818"/>
</kw>
<status status="FAIL" starttime="20241126 23:53:46.792" endtime="20241126 23:53:46.818"/>
</kw>
<status status="FAIL" starttime="20241126 23:53:46.792" endtime="20241126 23:53:46.818"/>
</kw>
<status status="FAIL" starttime="20241126 23:53:46.792" endtime="20241126 23:53:46.818"/>
</kw>
<status status="FAIL" starttime="20241126 23:53:46.791" endtime="20241126 23:53:46.818"/>
</kw>
<status status="FAIL" starttime="20241126 23:53:46.791" endtime="20241126 23:53:46.818"/>
</kw>
<status status="FAIL" starttime="20241126 23:53:46.790" endtime="20241126 23:53:46.818"/>
</kw>
<status status="FAIL" starttime="20241126 23:53:46.790" endtime="20241126 23:53:46.819"/>
</kw>
<status status="FAIL" starttime="20241126 23:53:46.790" endtime="20241126 23:53:46.819"/>
</kw>
<status status="FAIL" starttime="20241126 23:53:46.790" endtime="20241126 23:53:46.819"/>
</kw>
<status status="FAIL" starttime="20241126 23:53:46.789" endtime="20241126 23:53:46.819"/>
</kw>
<status status="FAIL" starttime="20241126 23:53:46.789" endtime="20241126 23:53:46.819"/>
</kw>
<status status="FAIL" starttime="20241126 23:53:46.789" endtime="20241126 23:53:46.819"/>
</kw>
<status status="FAIL" starttime="20241126 23:53:46.788" endtime="20241126 23:53:46.819"/>
</kw>
<status status="FAIL" starttime="20241126 23:53:46.788" endtime="20241126 23:53:46.819"/>
</kw>
<status status="FAIL" starttime="20241126 23:53:46.788" endtime="20241126 23:53:46.819"/>
</kw>
<status status="FAIL" starttime="20241126 23:53:46.787" endtime="20241126 23:53:46.819"/>
</kw>
<status status="FAIL" starttime="20241126 23:53:46.787" endtime="20241126 23:53:46.819"/>
</kw>
<status status="FAIL" starttime="20241126 23:53:46.787" endtime="20241126 23:53:46.819"/>
</kw>
<status status="FAIL" starttime="20241126 23:53:46.786" endtime="20241126 23:53:46.819"/>
</kw>
<status status="FAIL" starttime="20241126 23:53:46.786" endtime="20241126 23:53:46.819"/>
</kw>
<status status="FAIL" starttime="20241126 23:53:46.783" endtime="20241126 23:53:46.820"/>
</kw>
<status status="FAIL" starttime="20241126 23:53:46.776" endtime="20241126 23:53:46.820"/>
</kw>
<status status="FAIL" starttime="20241126 23:53:46.774" endtime="20241126 23:53:46.820"/>
</kw>
<status status="FAIL" starttime="20241126 23:53:46.773" endtime="20241126 23:53:46.820"/>
</kw>
<status status="FAIL" starttime="20241126 23:53:46.773" endtime="20241126 23:53:46.820"/>
</kw>
<status status="FAIL" starttime="20241126 23:53:46.772" endtime="20241126 23:53:46.820"/>
</kw>
<status status="FAIL" starttime="20241126 23:53:46.772" endtime="20241126 23:53:46.820"/>
</kw>
<status status="FAIL" starttime="20241126 23:53:46.771" endtime="20241126 23:53:46.820"/>
</kw>
<status status="FAIL" starttime="20241126 23:53:46.770" endtime="20241126 23:53:46.820"/>
</kw>
<status status="FAIL" starttime="20241126 23:53:46.770" endtime="20241126 23:53:46.820"/>
</kw>
<status status="FAIL" starttime="20241126 23:53:46.769" endtime="20241126 23:53:46.820"/>
</kw>
<status status="FAIL" starttime="20241126 23:53:46.769" endtime="20241126 23:53:46.820"/>
</kw>
<status status="FAIL" starttime="20241126 23:53:46.769" endtime="20241126 23:53:46.820"/>
</kw>
<kw name="Output Should Contain" library="AppLibrary">
<arg>Logged in</arg>
<status status="NOT RUN" starttime="20241126 23:53:46.820" endtime="20241126 23:53:46.820"/>
</kw>
<status status="FAIL" starttime="20241126 23:53:46.767" endtime="20241126 23:53:46.821">Maximum limit of started keywords and control structures exceeded.</status>
</test>
<test id="s1-s1-t2" name="Login With Incorrect Password" line="9">
<kw name="Create User And Input Login Command" type="SETUP">
<kw name="Create User" library="AppLibrary">
<arg>kalle</arg>
<arg>kalle123</arg>
<status status="PASS" starttime="20241126 23:53:46.822" endtime="20241126 23:53:46.822"/>
</kw>
<kw name="Input Login Command" library="resource">
<kw name="Input" library="AppLibrary">
<arg>login</arg>
<status status="PASS" starttime="20241126 23:53:46.822" endtime="20241126 23:53:46.822"/>
</kw>
<status status="PASS" starttime="20241126 23:53:46.822" endtime="20241126 23:53:46.822"/>
</kw>
<status status="PASS" starttime="20241126 23:53:46.821" endtime="20241126 23:53:46.822"/>
</kw>
<kw name="Input Credentials" library="resource">
<arg>kalle</arg>
<arg>kalle1234</arg>
<kw name="Input" library="AppLibrary">
<arg>${username}</arg>
<status status="PASS" starttime="20241126 23:53:46.823" endtime="20241126 23:53:46.823"/>
</kw>
<kw name="Input" library="AppLibrary">
<arg>${password}</arg>
<status status="PASS" starttime="20241126 23:53:46.823" endtime="20241126 23:53:46.823"/>
</kw>
<kw name="Run Application" library="resource">
<kw name="Log" library="BuiltIn">
<arg>Running application</arg>
<doc>Logs the given message with the given level.</doc>
<msg timestamp="20241126 23:53:46.823" level="INFO">Running application</msg>
<status status="PASS" starttime="20241126 23:53:46.823" endtime="20241126 23:53:46.823"/>
</kw>
<kw name="Run Application" library="resource">
<kw name="Log" library="BuiltIn">
<arg>Running application</arg>
<doc>Logs the given message with the given level.</doc>
<msg timestamp="20241126 23:53:46.823" level="INFO">Running application</msg>
<status status="PASS" starttime="20241126 23:53:46.823" endtime="20241126 23:53:46.823"/>
</kw>
<kw name="Run Application" library="resource">
<kw name="Log" library="BuiltIn">
<arg>Running application</arg>
<doc>Logs the given message with the given level.</doc>
<msg timestamp="20241126 23:53:46.824" level="INFO">Running application</msg>
<status status="PASS" starttime="20241126 23:53:46.824" endtime="20241126 23:53:46.824"/>
</kw>
<kw name="Run Application" library="resource">
<kw name="Log" library="BuiltIn">
<arg>Running application</arg>
<doc>Logs the given message with the given level.</doc>
<msg timestamp="20241126 23:53:46.824" level="INFO">Running application</msg>
<status status="PASS" starttime="20241126 23:53:46.824" endtime="20241126 23:53:46.824"/>
</kw>
<kw name="Run Application" library="resource">
<kw name="Log" library="BuiltIn">
<arg>Running application</arg>
<doc>Logs the given message with the given level.</doc>
<msg timestamp="20241126 23:53:46.824" level="INFO">Running application</msg>
<status status="PASS" starttime="20241126 23:53:46.824" endtime="20241126 23:53:46.824"/>
</kw>
<kw name="Run Application" library="resource">
<kw name="Log" library="BuiltIn">
<arg>Running application</arg>
<doc>Logs the given message with the given level.</doc>
<msg timestamp="20241126 23:53:46.825" level="INFO">Running application</msg>
<status status="PASS" starttime="20241126 23:53:46.825" endtime="20241126 23:53:46.825"/>
</kw>
<kw name="Run Application" library="resource">
<kw name="Log" library="BuiltIn">
<arg>Running application</arg>
<doc>Logs the given message with the given level.</doc>
<msg timestamp="20241126 23:53:46.825" level="INFO">Running application</msg>
<status status="PASS" starttime="20241126 23:53:46.825" endtime="20241126 23:53:46.825"/>
</kw>
<kw name="Run Application" library="resource">
<kw name="Log" library="BuiltIn">
<arg>Running application</arg>
<doc>Logs the given message with the given level.</doc>
<msg timestamp="20241126 23:53:46.825" level="INFO">Running application</msg>
<status status="PASS" starttime="20241126 23:53:46.825" endtime="20241126 23:53:46.825"/>
</kw>
<kw name="Run Application" library="resource">
<kw name="Log" library="BuiltIn">
<arg>Running application</arg>
<doc>Logs the given message with the given level.</doc>
<msg timestamp="20241126 23:53:46.826" level="INFO">Running application</msg>
<status status="PASS" starttime="20241126 23:53:46.826" endtime="20241126 23:53:46.826"/>
</kw>
<kw name="Run Application" library="resource">
<kw name="Log" library="BuiltIn">
<arg>Running application</arg>
<doc>Logs the given message with the given level.</doc>
<msg timestamp="20241126 23:53:46.826" level="INFO">Running application</msg>
<status status="PASS" starttime="20241126 23:53:46.826" endtime="20241126 23:53:46.826"/>
</kw>
<kw name="Run Application" library="resource">
<kw name="Log" library="BuiltIn">
<arg>Running application</arg>
<doc>Logs the given message with the given level.</doc>
<msg timestamp="20241126 23:53:46.827" level="INFO">Running application</msg>
<status status="PASS" starttime="20241126 23:53:46.826" endtime="20241126 23:53:46.827"/>
</kw>
<kw name="Run Application" library="resource">
<kw name="Log" library="BuiltIn">
<arg>Running application</arg>
<doc>Logs the given message with the given level.</doc>
<msg timestamp="20241126 23:53:46.827" level="INFO">Running application</msg>
<status status="PASS" starttime="20241126 23:53:46.827" endtime="20241126 23:53:46.827"/>
</kw>
<kw name="Run Application" library="resource">
<kw name="Log" library="BuiltIn">
<arg>Running application</arg>
<doc>Logs the given message with the given level.</doc>
<msg timestamp="20241126 23:53:46.828" level="INFO">Running application</msg>
<status status="PASS" starttime="20241126 23:53:46.828" endtime="20241126 23:53:46.828"/>
</kw>
<kw name="Run Application" library="resource">
<kw name="Log" library="BuiltIn">
<arg>Running application</arg>
<doc>Logs the given message with the given level.</doc>
<msg timestamp="20241126 23:53:46.828" level="INFO">Running application</msg>
<status status="PASS" starttime="20241126 23:53:46.828" endtime="20241126 23:53:46.828"/>
</kw>
<kw name="Run Application" library="resource">
<kw name="Log" library="BuiltIn">
<arg>Running application</arg>
<doc>Logs the given message with the given level.</doc>
<msg timestamp="20241126 23:53:46.828" level="INFO">Running application</msg>
<status status="PASS" starttime="20241126 23:53:46.828" endtime="20241126 23:53:46.828"/>
</kw>
<kw name="Run Application" library="resource">
<kw name="Log" library="BuiltIn">
<arg>Running application</arg>
<doc>Logs the given message with the given level.</doc>
<msg timestamp="20241126 23:53:46.829" level="INFO">Running application</msg>
<status status="PASS" starttime="20241126 23:53:46.829" endtime="20241126 23:53:46.829"/>
</kw>
<kw name="Run Application" library="resource">
<kw name="Log" library="BuiltIn">
<arg>Running application</arg>
<doc>Logs the given message with the given level.</doc>
<msg timestamp="20241126 23:53:46.829" level="INFO">Running application</msg>
<status status="PASS" starttime="20241126 23:53:46.829" endtime="20241126 23:53:46.829"/>
</kw>
<kw name="Run Application" library="resource">
<kw name="Log" library="BuiltIn">
<arg>Running application</arg>
<doc>Logs the given message with the given level.</doc>
<msg timestamp="20241126 23:53:46.829" level="INFO">Running application</msg>
<status status="PASS" starttime="20241126 23:53:46.829" endtime="20241126 23:53:46.829"/>
</kw>
<kw name="Run Application" library="resource">
<kw name="Log" library="BuiltIn">
<arg>Running application</arg>
<doc>Logs the given message with the given level.</doc>
<msg timestamp="20241126 23:53:46.830" level="INFO">Running application</msg>
<status status="PASS" starttime="20241126 23:53:46.830" endtime="20241126 23:53:46.830"/>
</kw>
<kw name="Run Application" library="resource">
<kw name="Log" library="BuiltIn">
<arg>Running application</arg>
<doc>Logs the given message with the given level.</doc>
<msg timestamp="20241126 23:53:46.830" level="INFO">Running application</msg>
<status status="PASS" starttime="20241126 23:53:46.830" endtime="20241126 23:53:46.830"/>
</kw>
<kw name="Run Application" library="resource">
<kw name="Log" library="BuiltIn">
<arg>Running application</arg>
<doc>Logs the given message with the given level.</doc>
<msg timestamp="20241126 23:53:46.830" level="INFO">Running application</msg>
<status status="PASS" starttime="20241126 23:53:46.830" endtime="20241126 23:53:46.830"/>
</kw>
<kw name="Run Application" library="resource">
<kw name="Log" library="BuiltIn">
<arg>Running application</arg>
<doc>Logs the given message with the given level.</doc>
<msg timestamp="20241126 23:53:46.831" level="INFO">Running application</msg>
<status status="PASS" starttime="20241126 23:53:46.830" endtime="20241126 23:53:46.831"/>
</kw>
<kw name="Run Application" library="resource">
<kw name="Log" library="BuiltIn">
<arg>Running application</arg>
<doc>Logs the given message with the given level.</doc>
<msg timestamp="20241126 23:53:46.831" level="INFO">Running application</msg>
<status status="PASS" starttime="20241126 23:53:46.831" endtime="20241126 23:53:46.831"/>
</kw>
<kw name="Run Application" library="resource">
<kw name="Log" library="BuiltIn">
<arg>Running application</arg>
<doc>Logs the given message with the given level.</doc>
<msg timestamp="20241126 23:53:46.832" level="INFO">Running application</msg>
<status status="PASS" starttime="20241126 23:53:46.832" endtime="20241126 23:53:46.832"/>
</kw>
<kw name="Run Application" library="resource">
<kw name="Log" library="BuiltIn">
<arg>Running application</arg>
<doc>Logs the given message with the given level.</doc>
<msg timestamp="20241126 23:53:46.832" level="INFO">Running application</msg>
<status status="PASS" starttime="20241126 23:53:46.832" endtime="20241126 23:53:46.832"/>
</kw>
<kw name="Run Application" library="resource">
<kw name="Log" library="BuiltIn">
<arg>Running application</arg>
<doc>Logs the given message with the given level.</doc>
<msg timestamp="20241126 23:53:46.832" level="INFO">Running application</msg>
<status status="PASS" starttime="20241126 23:53:46.832" endtime="20241126 23:53:46.832"/>
</kw>
<kw name="Run Application" library="resource">
<kw name="Log" library="BuiltIn">
<arg>Running application</arg>
<doc>Logs the given message with the given level.</doc>
<msg timestamp="20241126 23:53:46.833" level="INFO">Running application</msg>
<status status="PASS" starttime="20241126 23:53:46.833" endtime="20241126 23:53:46.833"/>
</kw>
<kw name="Run Application" library="resource">
<kw name="Log" library="BuiltIn">
<arg>Running application</arg>
<doc>Logs the given message with the given level.</doc>
<msg timestamp="20241126 23:53:46.834" level="INFO">Running application</msg>
<status status="PASS" starttime="20241126 23:53:46.833" endtime="20241126 23:53:46.834"/>
</kw>
<kw name="Run Application" library="resource">
<kw name="Log" library="BuiltIn">
<arg>Running application</arg>
<doc>Logs the given message with the given level.</doc>
<msg timestamp="20241126 23:53:46.834" level="INFO">Running application</msg>
<status status="PASS" starttime="20241126 23:53:46.834" endtime="20241126 23:53:46.835"/>
</kw>
<kw name="Run Application" library="resource">
<kw name="Log" library="BuiltIn">
<arg>Running application</arg>
<doc>Logs the given message with the given level.</doc>
<msg timestamp="20241126 23:53:46.837" level="INFO">Running application</msg>
<status status="PASS" starttime="20241126 23:53:46.836" endtime="20241126 23:53:46.837"/>
</kw>
<kw name="Run Application" library="resource">
<kw name="Log" library="BuiltIn">
<arg>Running application</arg>
<doc>Logs the given message with the given level.</doc>
<msg timestamp="20241126 23:53:46.838" level="INFO">Running application</msg>
<status status="PASS" starttime="20241126 23:53:46.838" endtime="20241126 23:53:46.838"/>
</kw>
<kw name="Run Application" library="resource">
<kw name="Log" library="BuiltIn">
<arg>Running application</arg>
<doc>Logs the given message with the given level.</doc>
<msg timestamp="20241126 23:53:46.838" level="INFO">Running application</msg>
<status status="PASS" starttime="20241126 23:53:46.838" endtime="20241126 23:53:46.838"/>
</kw>
<kw name="Run Application" library="resource">
<kw name="Log" library="BuiltIn">
<arg>Running application</arg>
<doc>Logs the given message with the given level.</doc>
<msg timestamp="20241126 23:53:46.839" level="INFO">Running application</msg>
<status status="PASS" starttime="20241126 23:53:46.838" endtime="20241126 23:53:46.839"/>
</kw>
<kw name="Run Application" library="resource">
<kw name="Log" library="BuiltIn">
<arg>Running application</arg>
<doc>Logs the given message with the given level.</doc>
<msg timestamp="20241126 23:53:46.839" level="INFO">Running application</msg>
<status status="PASS" starttime="20241126 23:53:46.839" endtime="20241126 23:53:46.839"/>
</kw>
<kw name="Run Application" library="resource">
<kw name="Log" library="BuiltIn">
<arg>Running application</arg>
<doc>Logs the given message with the given level.</doc>
<msg timestamp="20241126 23:53:46.839" level="INFO">Running application</msg>
<status status="PASS" starttime="20241126 23:53:46.839" endtime="20241126 23:53:46.839"/>
</kw>
<kw name="Run Application" library="resource">
<kw name="Log" library="BuiltIn">
<arg>Running application</arg>
<doc>Logs the given message with the given level.</doc>
<msg timestamp="20241126 23:53:46.839" level="INFO">Running application</msg>
<status status="PASS" starttime="20241126 23:53:46.839" endtime="20241126 23:53:46.839"/>
</kw>
<kw name="Run Application" library="resource">
<kw name="Log" library="BuiltIn">
<arg>Running application</arg>
<doc>Logs the given message with the given level.</doc>
<msg timestamp="20241126 23:53:46.840" level="INFO">Running application</msg>
<status status="PASS" starttime="20241126 23:53:46.840" endtime="20241126 23:53:46.840"/>
</kw>
<kw name="Run Application" library="resource">
<kw name="Log" library="BuiltIn">
<arg>Running application</arg>
<doc>Logs the given message with the given level.</doc>
<msg timestamp="20241126 23:53:46.840" level="INFO">Running application</msg>
<status status="PASS" starttime="20241126 23:53:46.840" endtime="20241126 23:53:46.840"/>
</kw>
<kw name="Run Application" library="resource">
<kw name="Log" library="BuiltIn">
<arg>Running application</arg>
<doc>Logs the given message with the given level.</doc>
<msg timestamp="20241126 23:53:46.840" level="INFO">Running application</msg>
<status status="PASS" starttime="20241126 23:53:46.840" endtime="20241126 23:53:46.840"/>
</kw>
<kw name="Run Application" library="resource">
<kw name="Log" library="BuiltIn">
<arg>Running application</arg>
<doc>Logs the given message with the given level.</doc>
<msg timestamp="20241126 23:53:46.840" level="INFO">Running application</msg>
<status status="PASS" starttime="20241126 23:53:46.840" endtime="20241126 23:53:46.840"/>
</kw>
<kw name="Run Application" library="resource">
<kw name="Log" library="BuiltIn">
<arg>Running application</arg>
<doc>Logs the given message with the given level.</doc>
<msg timestamp="20241126 23:53:46.841" level="INFO">Running application</msg>
<status status="PASS" starttime="20241126 23:53:46.841" endtime="20241126 23:53:46.841"/>
</kw>
<kw name="Run Application" library="resource">
<kw name="Log" library="BuiltIn">
<arg>Running application</arg>
<doc>Logs the given message with the given level.</doc>
<msg timestamp="20241126 23:53:46.841" level="INFO">Running application</msg>
<status status="PASS" starttime="20241126 23:53:46.841" endtime="20241126 23:53:46.841"/>
</kw>
<kw name="Run Application" library="resource">
<kw name="Log" library="BuiltIn">
<arg>Running application</arg>
<doc>Logs the given message with the given level.</doc>
<msg timestamp="20241126 23:53:46.842" level="INFO">Running application</msg>
<status status="PASS" starttime="20241126 23:53:46.842" endtime="20241126 23:53:46.842"/>
</kw>
<kw name="Run Application" library="resource">
<kw name="Log" library="BuiltIn">
<arg>Running application</arg>
<doc>Logs the given message with the given level.</doc>
<msg timestamp="20241126 23:53:46.843" level="INFO">Running application</msg>
<status status="PASS" starttime="20241126 23:53:46.843" endtime="20241126 23:53:46.843"/>
</kw>
<kw name="Run Application" library="resource">
<kw name="Log" library="BuiltIn">
<arg>Running application</arg>
<doc>Logs the given message with the given level.</doc>
<msg timestamp="20241126 23:53:46.844" level="INFO">Running application</msg>
<status status="PASS" starttime="20241126 23:53:46.844" endtime="20241126 23:53:46.844"/>
</kw>
<kw name="Run Application" library="resource">
<kw name="Log" library="BuiltIn">
<arg>Running application</arg>
<doc>Logs the given message with the given level.</doc>
<msg timestamp="20241126 23:53:46.844" level="INFO">Running application</msg>
<status status="PASS" starttime="20241126 23:53:46.844" endtime="20241126 23:53:46.844"/>
</kw>
<kw name="Run Application" library="resource">
<kw name="Log" library="BuiltIn">
<arg>Running application</arg>
<doc>Logs the given message with the given level.</doc>
<msg timestamp="20241126 23:53:46.844" level="INFO">Running application</msg>
<status status="PASS" starttime="20241126 23:53:46.844" endtime="20241126 23:53:46.844"/>
</kw>
<kw name="Run Application" library="resource">
<kw name="Log" library="BuiltIn">
<arg>Running application</arg>
<doc>Logs the given message with the given level.</doc>
<msg timestamp="20241126 23:53:46.845" level="INFO">Running application</msg>
<status status="PASS" starttime="20241126 23:53:46.844" endtime="20241126 23:53:46.845"/>
</kw>
<kw name="Run Application" library="resource">
<kw name="Log" library="BuiltIn">
<arg>Running application</arg>
<doc>Logs the given message with the given level.</doc>
<msg timestamp="20241126 23:53:46.845" level="INFO">Running application</msg>
<status status="PASS" starttime="20241126 23:53:46.845" endtime="20241126 23:53:46.845"/>
</kw>
<kw name="Run Application" library="resource">
<kw name="Log" library="BuiltIn">
<arg>Running application</arg>
<doc>Logs the given message with the given level.</doc>
<msg timestamp="20241126 23:53:46.845" level="INFO">Running application</msg>
<status status="PASS" starttime="20241126 23:53:46.845" endtime="20241126 23:53:46.845"/>
</kw>
<kw name="Run Application" library="resource">
<kw name="Log" library="BuiltIn">
<arg>Running application</arg>
<doc>Logs the given message with the given level.</doc>
<msg timestamp="20241126 23:53:46.845" level="INFO">Running application</msg>
<status status="PASS" starttime="20241126 23:53:46.845" endtime="20241126 23:53:46.845"/>
</kw>
<kw name="Run Application" library="resource">
<kw name="Log" library="BuiltIn">
<arg>Running application</arg>
<doc>Logs the given message with the given level.</doc>
<msg timestamp="20241126 23:53:46.845" level="INFO">Running application</msg>
<status status="PASS" starttime="20241126 23:53:46.845" endtime="20241126 23:53:46.846"/>
</kw>
<kw name="Run Application" library="resource">
<kw name="Log" library="BuiltIn">
<arg>Running application</arg>
<doc>Logs the given message with the given level.</doc>
<msg timestamp="20241126 23:53:46.846" level="INFO">Running application</msg>
<status status="PASS" starttime="20241126 23:53:46.846" endtime="20241126 23:53:46.846"/>
</kw>
<kw name="Run Application" library="resource">
<kw name="Log" library="BuiltIn">
<arg>Running application</arg>
<doc>Logs the given message with the given level.</doc>
<msg timestamp="20241126 23:53:46.846" level="INFO">Running application</msg>
<status status="PASS" starttime="20241126 23:53:46.846" endtime="20241126 23:53:46.846"/>
</kw>
<kw name="Run Application" library="resource">
<kw name="Log" library="BuiltIn">
<arg>Running application</arg>
<doc>Logs the given message with the given level.</doc>
<msg timestamp="20241126 23:53:46.846" level="INFO">Running application</msg>
<status status="PASS" starttime="20241126 23:53:46.846" endtime="20241126 23:53:46.846"/>
</kw>
<kw name="Run Application" library="resource">
<kw name="Log" library="BuiltIn">
<arg>Running application</arg>
<doc>Logs the given message with the given level.</doc>
<msg timestamp="20241126 23:53:46.849" level="INFO">Running application</msg>
<status status="PASS" starttime="20241126 23:53:46.849" endtime="20241126 23:53:46.849"/>
</kw>
<kw name="Run Application" library="resource">
<kw name="Log" library="BuiltIn">
<arg>Running application</arg>
<doc>Logs the given message with the given level.</doc>
<msg timestamp="20241126 23:53:46.850" level="INFO">Running application</msg>
<status status="PASS" starttime="20241126 23:53:46.849" endtime="20241126 23:53:46.850"/>
</kw>
<kw name="Run Application" library="resource">
<kw name="Log" library="BuiltIn">
<arg>Running application</arg>
<doc>Logs the given message with the given level.</doc>
<msg timestamp="20241126 23:53:46.850" level="INFO">Running application</msg>
<status status="PASS" starttime="20241126 23:53:46.850" endtime="20241126 23:53:46.852"/>
</kw>
<kw name="Run Application" library="resource">
<kw name="Log" library="BuiltIn">
<arg>Running application</arg>
<doc>Logs the given message with the given level.</doc>
<msg timestamp="20241126 23:53:46.853" level="INFO">Running application</msg>
<status status="PASS" starttime="20241126 23:53:46.853" endtime="20241126 23:53:46.853"/>
</kw>
<kw name="Run Application" library="resource">
<kw name="Log" library="BuiltIn">
<arg>Running application</arg>
<doc>Logs the given message with the given level.</doc>
<msg timestamp="20241126 23:53:46.853" level="INFO">Running application</msg>
<status status="PASS" starttime="20241126 23:53:46.853" endtime="20241126 23:53:46.853"/>
</kw>
<kw name="Run Application" library="resource">
<kw name="Log" library="BuiltIn">
<arg>Running application</arg>
<doc>Logs the given message with the given level.</doc>
<msg timestamp="20241126 23:53:46.854" level="INFO">Running application</msg>
<status status="PASS" starttime="20241126 23:53:46.853" endtime="20241126 23:53:46.854"/>
</kw>
<kw name="Run Application" library="resource">
<kw name="Log" library="BuiltIn">
<arg>Running application</arg>
<doc>Logs the given message with the given level.</doc>
<msg timestamp="20241126 23:53:46.854" level="INFO">Running application</msg>
<status status="PASS" starttime="20241126 23:53:46.854" endtime="20241126 23:53:46.854"/>
</kw>
<kw name="Run Application" library="resource">
<kw name="Log" library="BuiltIn">
<arg>Running application</arg>
<doc>Logs the given message with the given level.</doc>
<msg timestamp="20241126 23:53:46.854" level="INFO">Running application</msg>
<status status="PASS" starttime="20241126 23:53:46.854" endtime="20241126 23:53:46.854"/>
</kw>
<kw name="Run Application" library="resource">
<kw name="Log" library="BuiltIn">
<arg>Running application</arg>
<doc>Logs the given message with the given level.</doc>
<msg timestamp="20241126 23:53:46.855" level="INFO">Running application</msg>
<status status="PASS" starttime="20241126 23:53:46.855" endtime="20241126 23:53:46.855"/>
</kw>
<kw name="Run Application" library="resource">
<kw name="Log" library="BuiltIn">
<arg>Running application</arg>
<doc>Logs the given message with the given level.</doc>
<msg timestamp="20241126 23:53:46.855" level="INFO">Running application</msg>
<status status="PASS" starttime="20241126 23:53:46.855" endtime="20241126 23:53:46.855"/>
</kw>
<kw name="Run Application" library="resource">
<kw name="Log" library="BuiltIn">
<arg>Running application</arg>
<doc>Logs the given message with the given level.</doc>
<msg timestamp="20241126 23:53:46.855" level="INFO">Running application</msg>
<status status="PASS" starttime="20241126 23:53:46.855" endtime="20241126 23:53:46.855"/>
</kw>
<kw name="Run Application" library="resource">
<kw name="Log" library="BuiltIn">
<arg>Running application</arg>
<doc>Logs the given message with the given level.</doc>
<msg timestamp="20241126 23:53:46.856" level="INFO">Running application</msg>
<status status="PASS" starttime="20241126 23:53:46.856" endtime="20241126 23:53:46.856"/>
</kw>
<kw name="Run Application" library="resource">
<kw name="Log" library="BuiltIn">
<arg>Running application</arg>
<doc>Logs the given message with the given level.</doc>
<msg timestamp="20241126 23:53:46.856" level="INFO">Running application</msg>
<status status="PASS" starttime="20241126 23:53:46.856" endtime="20241126 23:53:46.856"/>
</kw>
<kw name="Run Application" library="resource">
<kw name="Log" library="BuiltIn">
<arg>Running application</arg>
<doc>Logs the given message with the given level.</doc>
<msg timestamp="20241126 23:53:46.857" level="INFO">Running application</msg>
<status status="PASS" starttime="20241126 23:53:46.856" endtime="20241126 23:53:46.857"/>
</kw>
<kw name="Run Application" library="resource">
<kw name="Log" library="BuiltIn">
<arg>Running application</arg>
<doc>Logs the given message with the given level.</doc>
<msg timestamp="20241126 23:53:46.857" level="INFO">Running application</msg>
<status status="PASS" starttime="20241126 23:53:46.857" endtime="20241126 23:53:46.857"/>
</kw>
<kw name="Run Application" library="resource">
<kw name="Log" library="BuiltIn">
<arg>Running application</arg>
<doc>Logs the given message with the given level.</doc>
<msg timestamp="20241126 23:53:46.857" level="INFO">Running application</msg>
<status status="PASS" starttime="20241126 23:53:46.857" endtime="20241126 23:53:46.857"/>
</kw>
<kw name="Run Application" library="resource">
<kw name="Log" library="BuiltIn">
<arg>Running application</arg>
<doc>Logs the given message with the given level.</doc>
<msg timestamp="20241126 23:53:46.858" level="INFO">Running application</msg>
<status status="PASS" starttime="20241126 23:53:46.858" endtime="20241126 23:53:46.858"/>
</kw>
<kw name="Run Application" library="resource">
<kw name="Log" library="BuiltIn">
<arg>Running application</arg>
<doc>Logs the given message with the given level.</doc>
<msg timestamp="20241126 23:53:46.858" level="INFO">Running application</msg>
<status status="PASS" starttime="20241126 23:53:46.858" endtime="20241126 23:53:46.858"/>
</kw>
<kw name="Run Application" library="resource">
<kw name="Log" library="BuiltIn">
<arg>Running application</arg>
<doc>Logs the given message with the given level.</doc>
<msg timestamp="20241126 23:53:46.859" level="INFO">Running application</msg>
<status status="PASS" starttime="20241126 23:53:46.858" endtime="20241126 23:53:46.859"/>
</kw>
<kw name="Run Application" library="resource">
<kw name="Log" library="BuiltIn">
<arg>Running application</arg>
<doc>Logs the given message with the given level.</doc>
<msg timestamp="20241126 23:53:46.859" level="INFO">Running application</msg>
<status status="PASS" starttime="20241126 23:53:46.859" endtime="20241126 23:53:46.859"/>
</kw>
<kw name="Run Application" library="resource">
<kw name="Log" library="BuiltIn">
<arg>Running application</arg>
<doc>Logs the given message with the given level.</doc>
<msg timestamp="20241126 23:53:46.859" level="INFO">Running application</msg>
<status status="PASS" starttime="20241126 23:53:46.859" endtime="20241126 23:53:46.859"/>
</kw>
<kw name="Run Application" library="resource">
<kw name="Log" library="BuiltIn">
<arg>Running application</arg>
<doc>Logs the given message with the given level.</doc>
<msg timestamp="20241126 23:53:46.860" level="INFO">Running application</msg>
<status status="PASS" starttime="20241126 23:53:46.859" endtime="20241126 23:53:46.860"/>
</kw>
<kw name="Run Application" library="resource">
<kw name="Log" library="BuiltIn">
<arg>Running application</arg>
<doc>Logs the given message with the given level.</doc>
<msg timestamp="20241126 23:53:46.860" level="INFO">Running application</msg>
<status status="PASS" starttime="20241126 23:53:46.860" endtime="20241126 23:53:46.860"/>
</kw>
<kw name="Run Application" library="resource">
<kw name="Log" library="BuiltIn">
<arg>Running application</arg>
<doc>Logs the given message with the given level.</doc>
<msg timestamp="20241126 23:53:46.860" level="INFO">Running application</msg>
<status status="PASS" starttime="20241126 23:53:46.860" endtime="20241126 23:53:46.860"/>
</kw>
<kw name="Run Application" library="resource">
<kw name="Log" library="BuiltIn">
<arg>Running application</arg>
<doc>Logs the given message with the given level.</doc>
<msg timestamp="20241126 23:53:46.860" level="INFO">Running application</msg>
<status status="PASS" starttime="20241126 23:53:46.860" endtime="20241126 23:53:46.860"/>
</kw>
<kw name="Run Application" library="resource">
<kw name="Log" library="BuiltIn">
<arg>Running application</arg>
<doc>Logs the given message with the given level.</doc>
<msg timestamp="20241126 23:53:46.860" level="INFO">Running application</msg>
<status status="PASS" starttime="20241126 23:53:46.860" endtime="20241126 23:53:46.861"/>
</kw>
<kw name="Run Application" library="resource">
<kw name="Log" library="BuiltIn">
<arg>Running application</arg>
<doc>Logs the given message with the given level.</doc>
<msg timestamp="20241126 23:53:46.861" level="INFO">Running application</msg>
<status status="PASS" starttime="20241126 23:53:46.861" endtime="20241126 23:53:46.861"/>
</kw>
<kw name="Run Application" library="resource">
<kw name="Log" library="BuiltIn">
<arg>Running application</arg>
<doc>Logs the given message with the given level.</doc>
<msg timestamp="20241126 23:53:46.861" level="INFO">Running application</msg>
<status status="PASS" starttime="20241126 23:53:46.861" endtime="20241126 23:53:46.861"/>
</kw>
<kw name="Run Application" library="resource">
<kw name="Log" library="BuiltIn">
<arg>Running application</arg>
<doc>Logs the given message with the given level.</doc>
<msg timestamp="20241126 23:53:46.861" level="INFO">Running application</msg>
<status status="PASS" starttime="20241126 23:53:46.861" endtime="20241126 23:53:46.861"/>
</kw>
<kw name="Run Application" library="resource">
<kw name="Log" library="BuiltIn">
<arg>Running application</arg>
<doc>Logs the given message with the given level.</doc>
<msg timestamp="20241126 23:53:46.861" level="INFO">Running application</msg>
<status status="PASS" starttime="20241126 23:53:46.861" endtime="20241126 23:53:46.861"/>
</kw>
<kw name="Run Application" library="resource">
<kw name="Log" library="BuiltIn">
<arg>Running application</arg>
<doc>Logs the given message with the given level.</doc>
<msg timestamp="20241126 23:53:46.862" level="INFO">Running application</msg>
<status status="PASS" starttime="20241126 23:53:46.862" endtime="20241126 23:53:46.862"/>
</kw>
<kw name="Run Application" library="resource">
<kw name="Log" library="BuiltIn">
<arg>Running application</arg>
<doc>Logs the given message with the given level.</doc>
<msg timestamp="20241126 23:53:46.862" level="INFO">Running application</msg>
<status status="PASS" starttime="20241126 23:53:46.862" endtime="20241126 23:53:46.862"/>
</kw>
<kw name="Run Application" library="resource">
<kw name="Log" library="BuiltIn">
<arg>Running application</arg>
<doc>Logs the given message with the given level.</doc>
<msg timestamp="20241126 23:53:46.862" level="INFO">Running application</msg>
<status status="PASS" starttime="20241126 23:53:46.862" endtime="20241126 23:53:46.862"/>
</kw>
<kw name="Run Application" library="resource">
<kw name="Log" library="BuiltIn">
<arg>Running application</arg>
<doc>Logs the given message with the given level.</doc>
<msg timestamp="20241126 23:53:46.863" level="INFO">Running application</msg>
<status status="PASS" starttime="20241126 23:53:46.863" endtime="20241126 23:53:46.863"/>
</kw>
<kw name="Run Application" library="resource">
<kw name="Log" library="BuiltIn">
<arg>Running application</arg>
<doc>Logs the given message with the given level.</doc>
<msg timestamp="20241126 23:53:46.863" level="INFO">Running application</msg>
<status status="PASS" starttime="20241126 23:53:46.863" endtime="20241126 23:53:46.863"/>
</kw>
<kw name="Run Application" library="resource">
<kw name="Log" library="BuiltIn">
<arg>Running application</arg>
<doc>Logs the given message with the given level.</doc>
<msg timestamp="20241126 23:53:46.864" level="INFO">Running application</msg>
<status status="PASS" starttime="20241126 23:53:46.864" endtime="20241126 23:53:46.864"/>
</kw>
<kw name="Run Application" library="resource">
<kw name="Log" library="BuiltIn">
<arg>Running application</arg>
<doc>Logs the given message with the given level.</doc>
<msg timestamp="20241126 23:53:46.864" level="INFO">Running application</msg>
<status status="PASS" starttime="20241126 23:53:46.864" endtime="20241126 23:53:46.864"/>
</kw>
<kw name="Run Application" library="resource">
<kw name="Log" library="BuiltIn">
<arg>Running application</arg>
<doc>Logs the given message with the given level.</doc>
<msg timestamp="20241126 23:53:46.864" level="INFO">Running application</msg>
<status status="PASS" starttime="20241126 23:53:46.864" endtime="20241126 23:53:46.864"/>
</kw>
<kw name="Run Application" library="resource">
<kw name="Log" library="BuiltIn">
<arg>Running application</arg>
<doc>Logs the given message with the given level.</doc>
<msg timestamp="20241126 23:53:46.864" level="INFO">Running application</msg>
<status status="PASS" starttime="20241126 23:53:46.864" endtime="20241126 23:53:46.864"/>
</kw>
<kw name="Run Application" library="resource">
<kw name="Log" library="BuiltIn">
<arg>Running application</arg>
<doc>Logs the given message with the given level.</doc>
<msg timestamp="20241126 23:53:46.865" level="INFO">Running application</msg>
<status status="PASS" starttime="20241126 23:53:46.865" endtime="20241126 23:53:46.865"/>
</kw>
<kw name="Run Application" library="resource">
<kw name="Log" library="BuiltIn">
<arg>Running application</arg>
<doc>Logs the given message with the given level.</doc>
<msg timestamp="20241126 23:53:46.865" level="INFO">Running application</msg>
<status status="PASS" starttime="20241126 23:53:46.865" endtime="20241126 23:53:46.865"/>
</kw>
<kw name="Run Application" library="resource">
<kw name="Log" library="BuiltIn">
<arg>Running application</arg>
<doc>Logs the given message with the given level.</doc>
<msg timestamp="20241126 23:53:46.866" level="INFO">Running application</msg>
<status status="PASS" starttime="20241126 23:53:46.866" endtime="20241126 23:53:46.866"/>
</kw>
<kw name="Run Application" library="resource">
<msg timestamp="20241126 23:53:46.867" level="FAIL">Maximum limit of started keywords and control structures exceeded.</msg>
<status status="FAIL" starttime="20241126 23:53:46.866" endtime="20241126 23:53:46.867"/>
</kw>
<status status="FAIL" starttime="20241126 23:53:46.866" endtime="20241126 23:53:46.867"/>
</kw>
<status status="FAIL" starttime="20241126 23:53:46.865" endtime="20241126 23:53:46.867"/>
</kw>
<status status="FAIL" starttime="20241126 23:53:46.865" endtime="20241126 23:53:46.867"/>
</kw>
[...]
</kw>
<kw name="Run Application" library="resource">
<kw name="Log" library="BuiltIn">
<arg>Running application</arg>
<doc>Logs the given message with the given level.</doc>
<msg timestamp="20241126 23:53:46.952" level="INFO">Running application</msg>
<status status="PASS" starttime="20241126 23:53:46.952" endtime="20241126 23:53:46.952"/>
</kw>
<kw name="Run Application" library="resource">
<kw name="Log" library="BuiltIn">
<arg>Running application</arg>
<doc>Logs the given message with the given level.</doc>
<msg timestamp="20241126 23:53:46.952" level="INFO">Running application</msg>
<status status="PASS" starttime="20241126 23:53:46.952" endtime="20241126 23:53:46.952"/>
</kw>
<kw name="Run Application" library="resource">
<kw name="Log" library="BuiltIn">
<arg>Running application</arg>
<doc>Logs the given message with the given level.</doc>
<msg timestamp="20241126 23:53:46.953" level="INFO">Running application</msg>
<status status="PASS" starttime="20241126 23:53:46.953" endtime="20241126 23:53:46.953"/>
</kw>
<kw name="Run Application" library="resource">
<kw name="Log" library="BuiltIn">
<arg>Running application</arg>
<doc>Logs the given message with the given level.</doc>
<msg timestamp="20241126 23:53:46.953" level="INFO">Running application</msg>
<status status="PASS" starttime="20241126 23:53:46.953" endtime="20241126 23:53:46.953"/>
</kw>
<kw name="Run Application" library="resource">
<kw name="Log" library="BuiltIn">
<arg>Running application</arg>
<doc>Logs the given message with the given level.</doc>
<msg timestamp="20241126 23:53:46.953" level="INFO">Running application</msg>
<status status="PASS" starttime="20241126 23:53:46.953" endtime="20241126 23:53:46.953"/>
</kw>
<kw name="Run Application" library="resource">
<kw name="Log" library="BuiltIn">
<arg>Running application</arg>
<doc>Logs the given message with the given level.</doc>
<msg timestamp="20241126 23:53:46.954" level="INFO">Running application</msg>
<status status="PASS" starttime="20241126 23:53:46.953" endtime="20241126 23:53:46.954"/>
</kw>
<kw name="Run Application" library="resource">
<kw name="Log" library="BuiltIn">
<arg>Running application</arg>
<doc>Logs the given message with the given level.</doc>
<msg timestamp="20241126 23:53:46.954" level="INFO">Running application</msg>
<status status="PASS" starttime="20241126 23:53:46.954" endtime="20241126 23:53:46.954"/>
</kw>
<kw name="Run Application" library="resource">
<kw name="Log" library="BuiltIn">
<arg>Running application</arg>
<doc>Logs the given message with the given level.</doc>
<msg timestamp="20241126 23:53:46.954" level="INFO">Running application</msg>
<status status="PASS" starttime="20241126 23:53:46.954" endtime="20241126 23:53:46.954"/>
</kw>
<kw name="Run Application" library="resource">
<kw name="Log" library="BuiltIn">
<arg>Running application</arg>
<doc>Logs the given message with the given level.</doc>
<msg timestamp="20241126 23:53:46.954" level="INFO">Running application</msg>
<status status="PASS" starttime="20241126 23:53:46.954" endtime="20241126 23:53:46.954"/>
</kw>
<kw name="Run Application" library="resource">
<kw name="Log" library="BuiltIn">
<arg>Running application</arg>
<doc>Logs the given message with the given level.</doc>
<msg timestamp="20241126 23:53:46.955" level="INFO">Running application</msg>
<status status="PASS" starttime="20241126 23:53:46.954" endtime="20241126 23:53:46.955"/>
</kw>
<kw name="Run Application" library="resource">
<kw name="Log" library="BuiltIn">
<arg>Running application</arg>
<doc>Logs the given message with the given level.</doc>
<msg timestamp="20241126 23:53:46.955" level="INFO">Running application</msg>
<status status="PASS" starttime="20241126 23:53:46.955" endtime="20241126 23:53:46.955"/>
</kw>
<kw name="Run Application" library="resource">
<kw name="Log" library="BuiltIn">
<arg>Running application</arg>
<doc>Logs the given message with the given level.</doc>
<msg timestamp="20241126 23:53:46.955" level="INFO">Running application</msg>
<status status="PASS" starttime="20241126 23:53:46.955" endtime="20241126 23:53:46.955"/>
</kw>
<kw name="Run Application" library="resource">
<kw name="Log" library="BuiltIn">
<arg>Running application</arg>
<doc>Logs the given message with the given level.</doc>
<msg timestamp="20241126 23:53:46.955" level="INFO">Running application</msg>
<status status="PASS" starttime="20241126 23:53:46.955" endtime="20241126 23:53:46.956"/>
</kw>
<kw name="Run Application" library="resource">
<kw name="Log" library="BuiltIn">
<arg>Running application</arg>
<doc>Logs the given message with the given level.</doc>
<msg timestamp="20241126 23:53:46.956" level="INFO">Running application</msg>
<status status="PASS" starttime="20241126 23:53:46.956" endtime="20241126 23:53:46.956"/>
</kw>
<kw name="Run Application" library="resource">
<kw name="Log" library="BuiltIn">
<arg>Running application</arg>
<doc>Logs the given message with the given level.</doc>
<msg timestamp="20241126 23:53:46.956" level="INFO">Running application</msg>
<status status="PASS" starttime="20241126 23:53:46.956" endtime="20241126 23:53:46.956"/>
</kw>
<kw name="Run Application" library="resource">
<kw name="Log" library="BuiltIn">
<arg>Running application</arg>
<doc>Logs the given message with the given level.</doc>
<msg timestamp="20241126 23:53:46.956" level="INFO">Running application</msg>
<status status="PASS" starttime="20241126 23:53:46.956" endtime="20241126 23:53:46.956"/>
</kw>
<kw name="Run Application" library="resource">
<kw name="Log" library="BuiltIn">
<arg>Running application</arg>
<doc>Logs the given message with the given level.</doc>
<msg timestamp="20241126 23:53:46.957" level="INFO">Running application</msg>
<status status="PASS" starttime="20241126 23:53:46.956" endtime="20241126 23:53:46.957"/>
</kw>
<kw name="Run Application" library="resource">
<kw name="Log" library="BuiltIn">
<arg>Running application</arg>
<doc>Logs the given message with the given level.</doc>
<msg timestamp="20241126 23:53:46.957" level="INFO">Running application</msg>
<status status="PASS" starttime="20241126 23:53:46.957" endtime="20241126 23:53:46.957"/>
</kw>
<kw name="Run Application" library="resource">
<kw name="Log" library="BuiltIn">
<arg>Running application</arg>
<doc>Logs the given message with the given level.</doc>
<msg timestamp="20241126 23:53:46.958" level="INFO">Running application</msg>
<status status="PASS" starttime="20241126 23:53:46.958" endtime="20241126 23:53:46.958"/>
</kw>
<kw name="Run Application" library="resource">
<kw name="Log" library="BuiltIn">
<arg>Running application</arg>
<doc>Logs the given message with the given level.</doc>
<msg timestamp="20241126 23:53:46.958" level="INFO">Running application</msg>
<status status="PASS" starttime="20241126 23:53:46.958" endtime="20241126 23:53:46.958"/>
</kw>
<kw name="Run Application" library="resource">
<kw name="Log" library="BuiltIn">
<arg>Running application</arg>
<doc>Logs the given message with the given level.</doc>
<msg timestamp="20241126 23:53:46.958" level="INFO">Running application</msg>
<status status="PASS" starttime="20241126 23:53:46.958" endtime="20241126 23:53:46.958"/>
</kw>
<kw name="Run Application" library="resource">
<kw name="Log" library="BuiltIn">
<arg>Running application</arg>
<doc>Logs the given message with the given level.</doc>
<msg timestamp="20241126 23:53:46.959" level="INFO">Running application</msg>
<status status="PASS" starttime="20241126 23:53:46.958" endtime="20241126 23:53:46.959"/>
</kw>
<kw name="Run Application" library="resource">
<kw name="Log" library="BuiltIn">
<arg>Running application</arg>
<doc>Logs the given message with the given level.</doc>
<msg timestamp="20241126 23:53:46.959" level="INFO">Running application</msg>
<status status="PASS" starttime="20241126 23:53:46.959" endtime="20241126 23:53:46.959"/>
</kw>
<kw name="Run Application" library="resource">
<kw name="Log" library="BuiltIn">
<arg>Running application</arg>
<doc>Logs the given message with the given level.</doc>
<msg timestamp="20241126 23:53:46.959" level="INFO">Running application</msg>
<status status="PASS" starttime="20241126 23:53:46.959" endtime="20241126 23:53:46.959"/>
</kw>
<kw name="Run Application" library="resource">
<kw name="Log" library="BuiltIn">
<arg>Running application</arg>
<doc>Logs the given message with the given level.</doc>
<msg timestamp="20241126 23:53:46.960" level="INFO">Running application</msg>
<status status="PASS" starttime="20241126 23:53:46.960" endtime="20241126 23:53:46.960"/>
</kw>
<kw name="Run Application" library="resource">
<kw name="Log" library="BuiltIn">
<arg>Running application</arg>
<doc>Logs the given message with the given level.</doc>
<msg timestamp="20241126 23:53:46.960" level="INFO">Running application</msg>
<status status="PASS" starttime="20241126 23:53:46.960" endtime="20241126 23:53:46.960"/>
</kw>
<kw name="Run Application" library="resource">
<kw name="Log" library="BuiltIn">
<arg>Running application</arg>
<doc>Logs the given message with the given level.</doc>
<msg timestamp="20241126 23:53:46.961" level="INFO">Running application</msg>
<status status="PASS" starttime="20241126 23:53:46.961" endtime="20241126 23:53:46.961"/>
</kw>
<kw name="Run Application" library="resource">
<msg timestamp="20241126 23:53:46.962" level="FAIL">Maximum limit of started keywords and control structures exceeded.</msg>
<status status="FAIL" starttime="20241126 23:53:46.961" endtime="20241126 23:53:46.962"/>
</kw>
<status status="FAIL" starttime="20241126 23:53:46.960" endtime="20241126 23:53:46.962"/>
</kw>
<status status="FAIL" starttime="20241126 23:53:46.960" endtime="20241126 23:53:46.962"/>
</kw>
<status status="FAIL" starttime="20241126 23:53:46.959" endtime="20241126 23:53:46.962"/>
</kw>
<status status="FAIL" starttime="20241126 23:53:46.959" endtime="20241126 23:53:46.962"/>
</kw>
<status status="FAIL" starttime="20241126 23:53:46.959" endtime="20241126 23:53:46.962"/>
</kw>
<status status="FAIL" starttime="20241126 23:53:46.958" endtime="20241126 23:53:46.963"/>
</kw>
<status status="FAIL" starttime="20241126 23:53:46.958" endtime="20241126 23:53:46.963"/>
</kw>
<status status="FAIL" starttime="20241126 23:53:46.958" endtime="20241126 23:53:46.963"/>
</kw>
<status status="FAIL" starttime="20241126 23:53:46.957" endtime="20241126 23:53:46.963"/>
</kw>
<status status="FAIL" starttime="20241126 23:53:46.957" endtime="20241126 23:53:46.963"/>
</kw>
<status status="FAIL" starttime="20241126 23:53:46.956" endtime="20241126 23:53:46.964"/>
</kw>
<status status="FAIL" starttime="20241126 23:53:46.956" endtime="20241126 23:53:46.964"/>
</kw>
<status status="FAIL" starttime="20241126 23:53:46.956" endtime="20241126 23:53:46.964"/>
</kw>
<status status="FAIL" starttime="20241126 23:53:46.956" endtime="20241126 23:53:46.964"/>
</kw>
<status status="FAIL" starttime="20241126 23:53:46.955" endtime="20241126 23:53:46.964"/>
</kw>
<status status="FAIL" starttime="20241126 23:53:46.955" endtime="20241126 23:53:46.965"/>
</kw>
<status status="FAIL" starttime="20241126 23:53:46.955" endtime="20241126 23:53:46.965"/>
</kw>
<status status="FAIL" starttime="20241126 23:53:46.954" endtime="20241126 23:53:46.965"/>
</kw>
<status status="FAIL" starttime="20241126 23:53:46.954" endtime="20241126 23:53:46.965"/>
</kw>
<status status="FAIL" starttime="20241126 23:53:46.954" endtime="20241126 23:53:46.965"/>
</kw>
<status status="FAIL" starttime="20241126 23:53:46.954" endtime="20241126 23:53:46.965"/>
</kw>
<status status="FAIL" starttime="20241126 23:53:46.953" endtime="20241126 23:53:46.965"/>
</kw>
<status status="FAIL" starttime="20241126 23:53:46.953" endtime="20241126 23:53:46.966"/>
</kw>
<status status="FAIL" starttime="20241126 23:53:46.953" endtime="20241126 23:53:46.966"/>
</kw>
<status status="FAIL" starttime="20241126 23:53:46.952" endtime="20241126 23:53:46.966"/>
</kw>
<status status="FAIL" starttime="20241126 23:53:46.952" endtime="20241126 23:53:46.966"/>
</kw>
<status status="FAIL" starttime="20241126 23:53:46.952" endtime="20241126 23:53:46.966"/>
</kw>
<status status="FAIL" starttime="20241126 23:53:46.951" endtime="20241126 23:53:46.966"/>
</kw>
<status status="FAIL" starttime="20241126 23:53:46.951" endtime="20241126 23:53:46.966"/>
</kw>
<status status="FAIL" starttime="20241126 23:53:46.951" endtime="20241126 23:53:46.967"/>
</kw>
<status status="FAIL" starttime="20241126 23:53:46.951" endtime="20241126 23:53:46.967"/>
</kw>
<status status="FAIL" starttime="20241126 23:53:46.951" endtime="20241126 23:53:46.967"/>
</kw>
<status status="FAIL" starttime="20241126 23:53:46.950" endtime="20241126 23:53:46.967"/>
</kw>
<status status="FAIL" starttime="20241126 23:53:46.950" endtime="20241126 23:53:46.967"/>
</kw>
<status status="FAIL" starttime="20241126 23:53:46.950" endtime="20241126 23:53:46.967"/>
</kw>
<status status="FAIL" starttime="20241126 23:53:46.950" endtime="20241126 23:53:46.967"/>
</kw>
<status status="FAIL" starttime="20241126 23:53:46.949" endtime="20241126 23:53:46.967"/>
</kw>
<status status="FAIL" starttime="20241126 23:53:46.949" endtime="20241126 23:53:46.967"/>
</kw>
<status status="FAIL" starttime="20241126 23:53:46.949" endtime="20241126 23:53:46.967"/>
</kw>
<status status="FAIL" starttime="20241126 23:53:46.948" endtime="20241126 23:53:46.967"/>
</kw>
<status status="FAIL" starttime="20241126 23:53:46.948" endtime="20241126 23:53:46.968"/>
</kw>
<status status="FAIL" starttime="20241126 23:53:46.947" endtime="20241126 23:53:46.968"/>
</kw>
<status status="FAIL" starttime="20241126 23:53:46.947" endtime="20241126 23:53:46.968"/>
</kw>
<status status="FAIL" starttime="20241126 23:53:46.947" endtime="20241126 23:53:46.968"/>
</kw>
<status status="FAIL" starttime="20241126 23:53:46.947" endtime="20241126 23:53:46.968"/>
</kw>
<status status="FAIL" starttime="20241126 23:53:46.946" endtime="20241126 23:53:46.968"/>
</kw>
<status status="FAIL" starttime="20241126 23:53:46.946" endtime="20241126 23:53:46.968"/>
</kw>
<status status="FAIL" starttime="20241126 23:53:46.946" endtime="20241126 23:53:46.968"/>
</kw>
<status status="FAIL" starttime="20241126 23:53:46.946" endtime="20241126 23:53:46.968"/>
</kw>
<status status="FAIL" starttime="20241126 23:53:46.946" endtime="20241126 23:53:46.968"/>
</kw>
<status status="FAIL" starttime="20241126 23:53:46.945" endtime="20241126 23:53:46.968"/>
</kw>
<status status="FAIL" starttime="20241126 23:53:46.945" endtime="20241126 23:53:46.968"/>
</kw>
<status status="FAIL" starttime="20241126 23:53:46.945" endtime="20241126 23:53:46.968"/>
</kw>
<status status="FAIL" starttime="20241126 23:53:46.945" endtime="20241126 23:53:46.968"/>
</kw>
<status status="FAIL" starttime="20241126 23:53:46.944" endtime="20241126 23:53:46.969"/>
</kw>
<status status="FAIL" starttime="20241126 23:53:46.944" endtime="20241126 23:53:46.969"/>
</kw>
<status status="FAIL" starttime="20241126 23:53:46.943" endtime="20241126 23:53:46.969"/>
</kw>
<status status="FAIL" starttime="20241126 23:53:46.943" endtime="20241126 23:53:46.969"/>
</kw>
<status status="FAIL" starttime="20241126 23:53:46.943" endtime="20241126 23:53:46.969"/>
</kw>
<status status="FAIL" starttime="20241126 23:53:46.942" endtime="20241126 23:53:46.969"/>
</kw>
<status status="FAIL" starttime="20241126 23:53:46.942" endtime="20241126 23:53:46.969"/>
</kw>
<status status="FAIL" starttime="20241126 23:53:46.942" endtime="20241126 23:53:46.969"/>
</kw>
<status status="FAIL" starttime="20241126 23:53:46.942" endtime="20241126 23:53:46.969"/>
</kw>
<status status="FAIL" starttime="20241126 23:53:46.942" endtime="20241126 23:53:46.969"/>
</kw>
<status status="FAIL" starttime="20241126 23:53:46.941" endtime="20241126 23:53:46.969"/>
</kw>
<status status="FAIL" starttime="20241126 23:53:46.941" endtime="20241126 23:53:46.969"/>
</kw>
<status status="FAIL" starttime="20241126 23:53:46.941" endtime="20241126 23:53:46.969"/>
</kw>
<status status="FAIL" starttime="20241126 23:53:46.941" endtime="20241126 23:53:46.970"/>
</kw>
<status status="FAIL" starttime="20241126 23:53:46.940" endtime="20241126 23:53:46.970"/>
</kw>
<status status="FAIL" starttime="20241126 23:53:46.940" endtime="20241126 23:53:46.970"/>
</kw>
<status status="FAIL" starttime="20241126 23:53:46.940" endtime="20241126 23:53:46.970"/>
</kw>
<status status="FAIL" starttime="20241126 23:53:46.939" endtime="20241126 23:53:46.970"/>
</kw>
<status status="FAIL" starttime="20241126 23:53:46.938" endtime="20241126 23:53:46.970"/>
</kw>
<status status="FAIL" starttime="20241126 23:53:46.938" endtime="20241126 23:53:46.970"/>
</kw>
<status status="FAIL" starttime="20241126 23:53:46.938" endtime="20241126 23:53:46.970"/>
</kw>
<status status="FAIL" starttime="20241126 23:53:46.938" endtime="20241126 23:53:46.970"/>
</kw>
<status status="FAIL" starttime="20241126 23:53:46.937" endtime="20241126 23:53:46.970"/>
</kw>
<status status="FAIL" starttime="20241126 23:53:46.937" endtime="20241126 23:53:46.970"/>
</kw>
<status status="FAIL" starttime="20241126 23:53:46.937" endtime="20241126 23:53:46.970"/>
</kw>
<status status="FAIL" starttime="20241126 23:53:46.937" endtime="20241126 23:53:46.970"/>
</kw>
<status status="FAIL" starttime="20241126 23:53:46.937" endtime="20241126 23:53:46.970"/>
</kw>
<status status="FAIL" starttime="20241126 23:53:46.936" endtime="20241126 23:53:46.970"/>
</kw>
<status status="FAIL" starttime="20241126 23:53:46.936" endtime="20241126 23:53:46.970"/>
</kw>
<status status="FAIL" starttime="20241126 23:53:46.936" endtime="20241126 23:53:46.971"/>
</kw>
<status status="FAIL" starttime="20241126 23:53:46.935" endtime="20241126 23:53:46.971"/>
</kw>
<status status="FAIL" starttime="20241126 23:53:46.935" endtime="20241126 23:53:46.971"/>
</kw>
<status status="FAIL" starttime="20241126 23:53:46.933" endtime="20241126 23:53:46.971"/>
</kw>
<status status="FAIL" starttime="20241126 23:53:46.930" endtime="20241126 23:53:46.971"/>
</kw>
<status status="FAIL" starttime="20241126 23:53:46.930" endtime="20241126 23:53:46.971"/>
</kw>
<status status="FAIL" starttime="20241126 23:53:46.930" endtime="20241126 23:53:46.971"/>
</kw>
<status status="FAIL" starttime="20241126 23:53:46.930" endtime="20241126 23:53:46.971"/>
</kw>
<status status="FAIL" starttime="20241126 23:53:46.929" endtime="20241126 23:53:46.971"/>
</kw>
<status status="FAIL" starttime="20241126 23:53:46.929" endtime="20241126 23:53:46.971"/>
</kw>
<status status="FAIL" starttime="20241126 23:53:46.929" endtime="20241126 23:53:46.971"/>
</kw>
<status status="FAIL" starttime="20241126 23:53:46.929" endtime="20241126 23:53:46.971"/>
</kw>
<status status="FAIL" starttime="20241126 23:53:46.928" endtime="20241126 23:53:46.971"/>
</kw>
<status status="FAIL" starttime="20241126 23:53:46.928" endtime="20241126 23:53:46.971"/>
</kw>
<status status="FAIL" starttime="20241126 23:53:46.928" endtime="20241126 23:53:46.971"/>
</kw>
<status status="FAIL" starttime="20241126 23:53:46.927" endtime="20241126 23:53:46.971"/>
</kw>
<kw name="Output Should Contain" library="AppLibrary">
<arg>Register successful</arg>
<status status="NOT RUN" starttime="20241126 23:53:46.971" endtime="20241126 23:53:46.972"/>
</kw>
<status status="FAIL" starttime="20241126 23:53:46.927" endtime="20241126 23:53:46.972">Maximum limit of started keywords and control structures exceeded.</status>
</test>
<status status="FAIL" starttime="20241126 23:53:46.924" endtime="20241126 23:53:46.972"/>
</suite>
<status status="FAIL" starttime="20241126 23:53:46.691" endtime="20241126 23:53:46.972"/>
</suite>
<statistics>
<total>
<stat pass="0" fail="4" skip="0">All Tests</stat>
</total>
<tag>
</tag>
<suite>
<stat pass="0" fail="4" skip="0" id="s1" name="Tests">Tests</stat>
<stat pass="0" fail="3" skip="0" id="s1-s1" name="Login">Tests.Login</stat>
<stat pass="0" fail="1" skip="0" id="s1-s2" name="Register">Tests.Register</stat>
</suite>
</statistics>
<errors>
</errors>
</robot>
